This is pdfTeX, Version 3.14159265-2.6-1.40.20 (TeX Live 2019) (preloaded format=pdflatex 2019.5.8)  11 OCT 2020 22:50
entering extended mode
 restricted \write18 enabled.
 file:line:error style messages enabled.
 %&-line parsing enabled.
**/Users/sinsakuokazaki/master-thesis/thesis_template/thesis.tex
(/Users/sinsakuokazaki/master-thesis/thesis_template/thesis.tex
LaTeX2e <2018-12-01>
(/usr/local/texlive/2019/texmf-dist/tex/latex/base/report.cls
Document Class: report 2018/09/03 v1.4i Standard LaTeX document class
(/usr/local/texlive/2019/texmf-dist/tex/latex/base/size11.clo
File: size11.clo 2018/09/03 v1.4i Standard LaTeX file (size option)
)
\c@part=\count80
\c@chapter=\count81
\c@section=\count82
\c@subsection=\count83
\c@subsubsection=\count84
\c@paragraph=\count85
\c@subparagraph=\count86
\c@figure=\count87
\c@table=\count88
\abovecaptionskip=\skip41
\belowcaptionskip=\skip42
\bibindent=\dimen102
) (/usr/local/texlive/2019/texmf-dist/tex/latex/amsmath/amsmath.sty
Package: amsmath 2018/12/01 v2.17b AMS math features
\@mathmargin=\skip43

For additional information on amsmath, use the `?' option.
(/usr/local/texlive/2019/texmf-dist/tex/latex/amsmath/amstext.sty
Package: amstext 2000/06/29 v2.01 AMS text
 (/usr/local/texlive/2019/texmf-dist/tex/latex/amsmath/amsgen.sty
File: amsgen.sty 1999/11/30 v2.0 generic functions
\@emptytoks=\toks14
\ex@=\dimen103
)) (/usr/local/texlive/2019/texmf-dist/tex/latex/amsmath/amsbsy.sty
Package: amsbsy 1999/11/29 v1.2d Bold Symbols
\pmbraise@=\dimen104
) (/usr/local/texlive/2019/texmf-dist/tex/latex/amsmath/amsopn.sty
Package: amsopn 2016/03/08 v2.02 operator names
)
\inf@bad=\count89
LaTeX Info: Redefining \frac on input line 223.
\uproot@=\count90
\leftroot@=\count91
LaTeX Info: Redefining \overline on input line 385.
\classnum@=\count92
\DOTSCASE@=\count93
LaTeX Info: Redefining \ldots on input line 482.
LaTeX Info: Redefining \dots on input line 485.
LaTeX Info: Redefining \cdots on input line 606.
\Mathstrutbox@=\box27
\strutbox@=\box28
\big@size=\dimen105
LaTeX Font Info:    Redeclaring font encoding OML on input line 729.
LaTeX Font Info:    Redeclaring font encoding OMS on input line 730.
\macc@depth=\count94
\c@MaxMatrixCols=\count95
\dotsspace@=\muskip10
\c@parentequation=\count96
\dspbrk@lvl=\count97
\tag@help=\toks15
\row@=\count98
\column@=\count99
\maxfields@=\count100
\andhelp@=\toks16
\eqnshift@=\dimen106
\alignsep@=\dimen107
\tagshift@=\dimen108
\tagwidth@=\dimen109
\totwidth@=\dimen110
\lineht@=\dimen111
\@envbody=\toks17
\multlinegap=\skip44
\multlinetaggap=\skip45
\mathdisplay@stack=\toks18
LaTeX Info: Redefining \[ on input line 2844.
LaTeX Info: Redefining \] on input line 2845.
) (/usr/local/texlive/2019/texmf-dist/tex/latex/amsfonts/amsfonts.sty
Package: amsfonts 2013/01/14 v3.01 Basic AMSFonts support
\symAMSa=\mathgroup4
\symAMSb=\mathgroup5
LaTeX Font Info:    Overwriting math alphabet `\mathfrak' in version `bold'
(Font)                  U/euf/m/n --> U/euf/b/n on input line 106.
) (/usr/local/texlive/2019/texmf-dist/tex/latex/amsfonts/amssymb.sty
Package: amssymb 2013/01/14 v3.01 AMS font symbols
) (/usr/local/texlive/2019/texmf-dist/tex/latex/natbib/natbib.sty
Package: natbib 2010/09/13 8.31b (PWD, AO)
\bibhang=\skip46
\bibsep=\skip47
LaTeX Info: Redefining \cite on input line 694.
\c@NAT@ctr=\count101
) (/usr/local/texlive/2019/texmf-dist/tex/latex/float/float.sty
Package: float 2001/11/08 v1.3d Float enhancements (AL)
\c@float@type=\count102
\float@exts=\toks19
\float@box=\box29
\@float@everytoks=\toks20
\@floatcapt=\box30
) (/usr/local/texlive/2019/texmf-dist/tex/latex/caption/caption.sty
Package: caption 2018/10/06 v3.3-154 Customizing captions (AR)
 (/usr/local/texlive/2019/texmf-dist/tex/latex/caption/caption3.sty
Package: caption3 2018/09/12 v1.8c caption3 kernel (AR)
Package caption3 Info: TeX engine: e-TeX on input line 64.
 (/usr/local/texlive/2019/texmf-dist/tex/latex/graphics/keyval.sty
Package: keyval 2014/10/28 v1.15 key=value parser (DPC)
\KV@toks@=\toks21
)
\captionmargin=\dimen112
\captionmargin@=\dimen113
\captionwidth=\dimen114
\caption@tempdima=\dimen115
\caption@indent=\dimen116
\caption@parindent=\dimen117
\caption@hangindent=\dimen118
)
\c@caption@flags=\count103
\c@ContinuedFloat=\count104
Package caption Info: float package is loaded.
) (/usr/local/texlive/2019/texmf-dist/tex/latex/fancyhdr/fancyhdr.sty
Package: fancyhdr 2019/01/31 v3.10 Extensive control of page headers and footers
\f@nch@headwidth=\skip48
\f@nch@O@elh=\skip49
\f@nch@O@erh=\skip50
\f@nch@O@olh=\skip51
\f@nch@O@orh=\skip52
\f@nch@O@elf=\skip53
\f@nch@O@erf=\skip54
\f@nch@O@olf=\skip55
\f@nch@O@orf=\skip56
) (/usr/local/texlive/2019/texmf-dist/tex/latex/fancybox/fancybox.sty
Package: fancybox 2010/05/15 1.4

Style option: `fancybox' v1.4 <2010/05/15> (tvz)
\@fancybox=\box31
\shadowsize=\dimen119
\@Sbox=\box32
\do@VerbBox=\toks22
\the@fancyput=\toks23
\this@fancyput=\toks24
\EndVerbatimTokens=\toks25
\Verbatim@Outfile=\write3
\Verbatim@Infile=\read1
) (/usr/local/texlive/2019/texmf-dist/tex/latex/base/ifthen.sty
Package: ifthen 2014/09/29 v1.1c Standard LaTeX ifthen package (DPC)
) (/Users/sinsakuokazaki/master-thesis/thesis_template/bu_ece_thesis.sty (/usr/local/texlive/2019/texmf-dist/tex/latex/setspace/setspace.sty
Package: setspace 2011/12/19 v6.7a set line spacing
)
\degree=\count105
\numadvisors=\count106
\@approvalreader=\box33
) (/usr/local/texlive/2019/texmf-dist/tex/latex/url/url.sty
\Urlmuskip=\muskip11
Package: url 2013/09/16  ver 3.4  Verb mode for urls, etc.
) (/usr/local/texlive/2019/texmf-dist/tex/latex/graphics/lscape.sty
Package: lscape 2000/10/22 v3.01 Landscape Pages (DPC)
 (/usr/local/texlive/2019/texmf-dist/tex/latex/graphics/graphics.sty
Package: graphics 2017/06/25 v1.2c Standard LaTeX Graphics (DPC,SPQR)
 (/usr/local/texlive/2019/texmf-dist/tex/latex/graphics/trig.sty
Package: trig 2016/01/03 v1.10 sin cos tan (DPC)
) (/usr/local/texlive/2019/texmf-dist/tex/latex/graphics-cfg/graphics.cfg
File: graphics.cfg 2016/06/04 v1.11 sample graphics configuration
)
Package graphics Info: Driver file: pdftex.def on input line 99.
 (/usr/local/texlive/2019/texmf-dist/tex/latex/graphics-def/pdftex.def
File: pdftex.def 2018/01/08 v1.0l Graphics/color driver for pdftex
))) (/usr/local/texlive/2019/texmf-dist/tex/latex/tools/afterpage.sty
Package: afterpage 2014/10/28 v1.08 After-Page Package (DPC)
\AP@output=\toks26
\AP@partial=\box34
\AP@footins=\box35
) (/usr/local/texlive/2019/texmf-dist/tex/latex/tools/xspace.sty
Package: xspace 2014/10/28 v1.13 Space after command names (DPC,MH)
) (/usr/local/texlive/2019/texmf-dist/tex/latex/oberdiek/epstopdf.sty
Package: epstopdf 2016/05/15 v2.6 Conversion with epstopdf on the fly (HO)
 (/usr/local/texlive/2019/texmf-dist/tex/latex/oberdiek/epstopdf-base.sty
Package: epstopdf-base 2016/05/15 v2.6 Base part for package epstopdf
 (/usr/local/texlive/2019/texmf-dist/tex/generic/oberdiek/infwarerr.sty
Package: infwarerr 2016/05/16 v1.4 Providing info/warning/error messages (HO)
) (/usr/local/texlive/2019/texmf-dist/tex/latex/oberdiek/grfext.sty
Package: grfext 2016/05/16 v1.2 Manage graphics extensions (HO)
 (/usr/local/texlive/2019/texmf-dist/tex/generic/oberdiek/kvdefinekeys.sty
Package: kvdefinekeys 2016/05/16 v1.4 Define keys (HO)
 (/usr/local/texlive/2019/texmf-dist/tex/generic/oberdiek/ltxcmds.sty
Package: ltxcmds 2016/05/16 v1.23 LaTeX kernel commands for general use (HO)
))) (/usr/local/texlive/2019/texmf-dist/tex/latex/oberdiek/kvoptions.sty
Package: kvoptions 2016/05/16 v3.12 Key value format for package options (HO)
 (/usr/local/texlive/2019/texmf-dist/tex/generic/oberdiek/kvsetkeys.sty
Package: kvsetkeys 2016/05/16 v1.17 Key value parser (HO)
 (/usr/local/texlive/2019/texmf-dist/tex/generic/oberdiek/etexcmds.sty
Package: etexcmds 2016/05/16 v1.6 Avoid name clashes with e-TeX commands (HO)
 (/usr/local/texlive/2019/texmf-dist/tex/generic/oberdiek/ifluatex.sty
Package: ifluatex 2016/05/16 v1.4 Provides the ifluatex switch (HO)
Package ifluatex Info: LuaTeX not detected.
)))) (/usr/local/texlive/2019/texmf-dist/tex/generic/oberdiek/pdftexcmds.sty
Package: pdftexcmds 2018/09/10 v0.29 Utility functions of pdfTeX for LuaTeX (HO)
 (/usr/local/texlive/2019/texmf-dist/tex/generic/oberdiek/ifpdf.sty
Package: ifpdf 2018/09/07 v3.3 Provides the ifpdf switch
)
Package pdftexcmds Info: LuaTeX not detected.
Package pdftexcmds Info: \pdf@primitive is available.
Package pdftexcmds Info: \pdf@ifprimitive is available.
Package pdftexcmds Info: \pdfdraftmode found.
)
Package epstopdf-base Info: Redefining graphics rule for `.eps' on input line 438.
Package grfext Info: Graphics extension search list:
(grfext)             [.pdf,.png,.jpg,.mps,.jpeg,.jbig2,.jb2,.PDF,.PNG,.JPG,.JPEG,.JBIG2,.JB2,.eps]
(grfext)             \AppendGraphicsExtensions on input line 456.
 (/usr/local/texlive/2019/texmf-dist/tex/latex/latexconfig/epstopdf-sys.cfg
File: epstopdf-sys.cfg 2010/07/13 v1.3 Configuration of (r)epstopdf for TeX Live
))) (/usr/local/texlive/2019/texmf-dist/tex/latex/listings/listings.sty
\lst@mode=\count107
\lst@gtempboxa=\box36
\lst@token=\toks27
\lst@length=\count108
\lst@currlwidth=\dimen120
\lst@column=\count109
\lst@pos=\count110
\lst@lostspace=\dimen121
\lst@width=\dimen122
\lst@newlines=\count111
\lst@lineno=\count112
\lst@maxwidth=\dimen123
 (/usr/local/texlive/2019/texmf-dist/tex/latex/listings/lstmisc.sty
File: lstmisc.sty 2019/02/27 1.8b (Carsten Heinz)
\c@lstnumber=\count113
\lst@skipnumbers=\count114
\lst@framebox=\box37
) (/usr/local/texlive/2019/texmf-dist/tex/latex/listings/listings.cfg
File: listings.cfg 2019/02/27 1.8b listings configuration
))
Package: listings 2019/02/27 1.8b (Carsten Heinz)
 (/usr/local/texlive/2019/texmf-dist/tex/latex/caption/subcaption.sty
Package: subcaption 2018/05/01 v1.1-162 Sub-captions (AR)
\c@subfigure=\count115
\c@subtable=\count116
) (/usr/local/texlive/2019/texmf-dist/tex/latex/graphics/graphicx.sty
Package: graphicx 2017/06/01 v1.1a Enhanced LaTeX Graphics (DPC,SPQR)
\Gin@req@height=\dimen124
\Gin@req@width=\dimen125
) (/usr/local/texlive/2019/texmf-dist/tex/latex/appendix/appendix.sty
Package: appendix 2009/09/02 v1.2b extra appendix facilities
\c@@pps=\count117
\c@@ppsavesec=\count118
\c@@ppsaveapp=\count119
) (/usr/local/texlive/2019/texmf-dist/tex/latex/hyperref/hyperref.sty
Package: hyperref 2018/11/30 v6.88e Hypertext links for LaTeX
 (/usr/local/texlive/2019/texmf-dist/tex/generic/oberdiek/hobsub-hyperref.sty
Package: hobsub-hyperref 2016/05/16 v1.14 Bundle oberdiek, subset hyperref (HO)
 (/usr/local/texlive/2019/texmf-dist/tex/generic/oberdiek/hobsub-generic.sty
Package: hobsub-generic 2016/05/16 v1.14 Bundle oberdiek, subset generic (HO)
Package: hobsub 2016/05/16 v1.14 Construct package bundles (HO)
Package hobsub Info: Skipping package `infwarerr' (already loaded).
Package hobsub Info: Skipping package `ltxcmds' (already loaded).
Package hobsub Info: Skipping package `ifluatex' (already loaded).
Package: ifvtex 2016/05/16 v1.6 Detect VTeX and its facilities (HO)
Package ifvtex Info: VTeX not detected.
Package: intcalc 2016/05/16 v1.2 Expandable calculations with integers (HO)
Package hobsub Info: Skipping package `ifpdf' (already loaded).
Package hobsub Info: Skipping package `etexcmds' (already loaded).
Package hobsub Info: Skipping package `kvsetkeys' (already loaded).
Package hobsub Info: Skipping package `kvdefinekeys' (already loaded).
Package hobsub Info: Skipping package `pdftexcmds' (already loaded).
Package: pdfescape 2016/05/16 v1.14 Implements pdfTeX's escape features (HO)
Package: bigintcalc 2016/05/16 v1.4 Expandable calculations on big integers (HO)
Package: bitset 2016/05/16 v1.2 Handle bit-vector datatype (HO)
Package: uniquecounter 2016/05/16 v1.3 Provide unlimited unique counter (HO)
)
Package hobsub Info: Skipping package `hobsub' (already loaded).
Package: letltxmacro 2016/05/16 v1.5 Let assignment for LaTeX macros (HO)
Package: hopatch 2016/05/16 v1.3 Wrapper for package hooks (HO)
Package: xcolor-patch 2016/05/16 xcolor patch
Package: atveryend 2016/05/16 v1.9 Hooks at the very end of document (HO)
Package atveryend Info: \AP@enddocument detected (standard20110627).
Package: atbegshi 2016/06/09 v1.18 At begin shipout hook (HO)
Package: refcount 2016/05/16 v3.5 Data extraction from label references (HO)
Package: hycolor 2016/05/16 v1.8 Color options for hyperref/bookmark (HO)
) (/usr/local/texlive/2019/texmf-dist/tex/generic/ifxetex/ifxetex.sty
Package: ifxetex 2010/09/12 v0.6 Provides ifxetex conditional
) (/usr/local/texlive/2019/texmf-dist/tex/latex/oberdiek/auxhook.sty
Package: auxhook 2016/05/16 v1.4 Hooks for auxiliary files (HO)
)
\@linkdim=\dimen126
\Hy@linkcounter=\count120
\Hy@pagecounter=\count121
 (/usr/local/texlive/2019/texmf-dist/tex/latex/hyperref/pd1enc.def
File: pd1enc.def 2018/11/30 v6.88e Hyperref: PDFDocEncoding definition (HO)
Now handling font encoding PD1 ...
... no UTF-8 mapping file for font encoding PD1
)
\Hy@SavedSpaceFactor=\count122
 (/usr/local/texlive/2019/texmf-dist/tex/latex/latexconfig/hyperref.cfg
File: hyperref.cfg 2002/06/06 v1.2 hyperref configuration of TeXLive
)
Package hyperref Info: Hyper figures OFF on input line 4519.
Package hyperref Info: Link nesting OFF on input line 4524.
Package hyperref Info: Hyper index ON on input line 4527.
Package hyperref Info: Plain pages OFF on input line 4534.
Package hyperref Info: Backreferencing OFF on input line 4539.
Package hyperref Info: Implicit mode ON; LaTeX internals redefined.
Package hyperref Info: Bookmarks ON on input line 4772.
\c@Hy@tempcnt=\count123
LaTeX Info: Redefining \url on input line 5125.
\XeTeXLinkMargin=\dimen127
\Fld@menulength=\count124
\Field@Width=\dimen128
\Fld@charsize=\dimen129
Package hyperref Info: Hyper figures OFF on input line 6380.
Package hyperref Info: Link nesting OFF on input line 6385.
Package hyperref Info: Hyper index ON on input line 6388.
Package hyperref Info: backreferencing OFF on input line 6395.
Package hyperref Info: Link coloring OFF on input line 6400.
Package hyperref Info: Link coloring with OCG OFF on input line 6405.
Package hyperref Info: PDF/A mode OFF on input line 6410.
LaTeX Info: Redefining \ref on input line 6450.
LaTeX Info: Redefining \pageref on input line 6454.
\Hy@abspage=\count125
\c@Item=\count126
\c@Hfootnote=\count127
)
Package hyperref Info: Driver (autodetected): hpdftex.
 (/usr/local/texlive/2019/texmf-dist/tex/latex/hyperref/hpdftex.def
File: hpdftex.def 2018/11/30 v6.88e Hyperref driver for pdfTeX
\Fld@listcount=\count128
\c@bookmark@seq@number=\count129
 (/usr/local/texlive/2019/texmf-dist/tex/latex/oberdiek/rerunfilecheck.sty
Package: rerunfilecheck 2016/05/16 v1.8 Rerun checks for auxiliary files (HO)
Package uniquecounter Info: New unique counter `rerunfilecheck' on input line 282.
)
\Hy@SectionHShift=\skip57
) (/Users/sinsakuokazaki/master-thesis/thesis_template/thesis.aux (/Users/sinsakuokazaki/master-thesis/thesis_template/0_Prelim/prelim.aux) (/Users/sinsakuokazaki/master-thesis/thesis_template/1_Intro/intro.aux) (/Users/sinsakuokazaki/master-thesis/thesis_template/2_RelatedWork/RelatedWork.aux) (/Users/sinsakuokazaki/master-thesis/thesis_template/3_Body/body.aux

LaTeX Warning: Label `sec:history' multiply defined.


LaTeX Warning: Label `sec:history' multiply defined.


LaTeX Warning: Label `sec:history' multiply defined.

) (/Users/sinsakuokazaki/master-thesis/thesis_template/4_Conclusion/conclusion.aux) (/Users/sinsakuokazaki/master-thesis/thesis_template/Appendix/Appendix.aux

LaTeX Warning: Label `sec:history' multiply defined.

) (/Users/sinsakuokazaki/master-thesis/thesis_template/0_Prelim/cv.aux))
\openout1 = `thesis.aux'.

LaTeX Font Info:    Checking defaults for OML/cmm/m/it on input line 63.
LaTeX Font Info:    ... okay on input line 63.
LaTeX Font Info:    Checking defaults for T1/cmr/m/n on input line 63.
LaTeX Font Info:    ... okay on input line 63.
LaTeX Font Info:    Checking defaults for OT1/cmr/m/n on input line 63.
LaTeX Font Info:    ... okay on input line 63.
LaTeX Font Info:    Checking defaults for OMS/cmsy/m/n on input line 63.
LaTeX Font Info:    ... okay on input line 63.
LaTeX Font Info:    Checking defaults for OMX/cmex/m/n on input line 63.
LaTeX Font Info:    ... okay on input line 63.
LaTeX Font Info:    Checking defaults for U/cmr/m/n on input line 63.
LaTeX Font Info:    ... okay on input line 63.
LaTeX Font Info:    Checking defaults for PD1/pdf/m/n on input line 63.
LaTeX Font Info:    ... okay on input line 63.
Package caption Info: Begin \AtBeginDocument code.
Package caption Info: hyperref package is loaded.
Package caption Info: listings package is loaded.
Package caption Info: End \AtBeginDocument code.
 (/usr/local/texlive/2019/texmf-dist/tex/context/base/mkii/supp-pdf.mkii
[Loading MPS to PDF converter (version 2006.09.02).]
\scratchcounter=\count130
\scratchdimen=\dimen130
\scratchbox=\box38
\nofMPsegments=\count131
\nofMParguments=\count132
\everyMPshowfont=\toks28
\MPscratchCnt=\count133
\MPscratchDim=\dimen131
\MPnumerator=\count134
\makeMPintoPDFobject=\count135
\everyMPtoPDFconversion=\toks29
)
\c@lstlisting=\count136
\AtBeginShipoutBox=\box39
Package hyperref Info: Link coloring OFF on input line 63.
 (/usr/local/texlive/2019/texmf-dist/tex/latex/hyperref/nameref.sty
Package: nameref 2016/05/21 v2.44 Cross-referencing by name of section
 (/usr/local/texlive/2019/texmf-dist/tex/generic/oberdiek/gettitlestring.sty
Package: gettitlestring 2016/05/16 v1.5 Cleanup title references (HO)
)
\c@section@level=\count137
)
LaTeX Info: Redefining \ref on input line 63.
LaTeX Info: Redefining \pageref on input line 63.
LaTeX Info: Redefining \nameref on input line 63.
 (/Users/sinsakuokazaki/master-thesis/thesis_template/thesis.out) (/Users/sinsakuokazaki/master-thesis/thesis_template/thesis.out)
\@outlinefile=\write4
\openout4 = `thesis.out'.

\openout2 = `0_Prelim/prelim.aux'.

 (/Users/sinsakuokazaki/master-thesis/thesis_template/0_Prelim/prelim.tex [1


{/usr/local/texlive/2019/texmf-var/fonts/map/pdftex/updmap/pdftex.map}]
LaTeX Font Info:    Try loading font information for OMS+cmr on input line 76.
 (/usr/local/texlive/2019/texmf-dist/tex/latex/base/omscmr.fd
File: omscmr.fd 2014/09/29 v2.5h Standard LaTeX font definitions
)
LaTeX Font Info:    Font shape `OMS/cmr/m/n' in size <12> not available
(Font)              Font shape `OMS/cmsy/m/n' tried instead on input line 76.
 [2

] [3

] (/Users/sinsakuokazaki/master-thesis/thesis_template/0_Prelim/ack.tex) [4

] (/Users/sinsakuokazaki/master-thesis/thesis_template/0_Prelim/abs.tex) [5

] (/Users/sinsakuokazaki/master-thesis/thesis_template/thesis.toc
LaTeX Font Info:    Try loading font information for U+msa on input line 2.
 (/usr/local/texlive/2019/texmf-dist/tex/latex/amsfonts/umsa.fd
File: umsa.fd 2013/01/14 v3.01 AMS symbols A
)
LaTeX Font Info:    Try loading font information for U+msb on input line 2.
 (/usr/local/texlive/2019/texmf-dist/tex/latex/amsfonts/umsb.fd
File: umsb.fd 2013/01/14 v3.01 AMS symbols B
) [6


] [7])
\tf@toc=\write5
\openout5 = `thesis.toc'.

 [8] (/Users/sinsakuokazaki/master-thesis/thesis_template/thesis.lot)
\tf@lot=\write6
\openout6 = `thesis.lot'.

 [9


] (/Users/sinsakuokazaki/master-thesis/thesis_template/thesis.lof [10


])
\tf@lof=\write7
\openout7 = `thesis.lof'.

 [11])
\openout2 = `1_Intro/intro.aux'.

 (/Users/sinsakuokazaki/master-thesis/thesis_template/1_Intro/intro.tex
Chapter 1.
[1





] [2]
LaTeX Font Info:    Font shape `OMS/cmr/m/n' in size <10.95> not available
(Font)              Font shape `OMS/cmsy/m/n' tried instead on input line 80.
) [3]
\openout2 = `2_RelatedWork/RelatedWork.aux'.

 (/Users/sinsakuokazaki/master-thesis/thesis_template/2_RelatedWork/RelatedWork.tex
Chapter 2.
(/Users/sinsakuokazaki/master-thesis/thesis_template/2_RelatedWork/model/intro.tex) (/Users/sinsakuokazaki/master-thesis/thesis_template/2_RelatedWork/model/os.tex [4




] [5] [6]) (/Users/sinsakuokazaki/master-thesis/thesis_template/2_RelatedWork/model/linalg.tex [7] [8] [9]) [10] (/Users/sinsakuokazaki/master-thesis/thesis_template/2_RelatedWork/model/hadoop_to_spark.tex [11]) (/Users/sinsakuokazaki/master-thesis/thesis_template/2_RelatedWork/model/spark.tex [12] [13]
Package epstopdf Info: Source file: <2_RelatedWork/Figures/java_heap.eps>
(epstopdf)                    date: 2019-11-15 08:46:46
(epstopdf)                    size: 12541 bytes
(epstopdf)             Output file: <2_RelatedWork/Figures/java_heap-eps-converted-to.pdf>
(epstopdf)                    date: 2019-11-15 08:50:12
(epstopdf)                    size: 5658 bytes
(epstopdf)             Command: <repstopdf --outfile=2_RelatedWork/Figures/java_heap-eps-converted-to.pdf 2_RelatedWork/Figures/java_heap.eps>
(epstopdf)             \includegraphics on input line 49.
Package epstopdf Info: Output file is already uptodate.
<2_RelatedWork/Figures/java_heap-eps-converted-to.pdf, id=530, 514.92375pt x 150.5625pt>
File: 2_RelatedWork/Figures/java_heap-eps-converted-to.pdf Graphic file (type pdf)
<use 2_RelatedWork/Figures/java_heap-eps-converted-to.pdf>
Package pdftex.def Info: 2_RelatedWork/Figures/java_heap-eps-converted-to.pdf  used on input line 49.
(pdftex.def)             Requested size: 426.79134pt x 124.79453pt.
Package epstopdf Info: Source file: <2_RelatedWork/Figures/java_gc.eps>
(epstopdf)                    date: 2020-04-04 03:20:16
(epstopdf)                    size: 210047 bytes
(epstopdf)             Output file: <2_RelatedWork/Figures/java_gc-eps-converted-to.pdf>
(epstopdf)                    date: 2020-04-04 03:21:05
(epstopdf)                    size: 37831 bytes
(epstopdf)             Command: <repstopdf --outfile=2_RelatedWork/Figures/java_gc-eps-converted-to.pdf 2_RelatedWork/Figures/java_gc.eps>
(epstopdf)             \includegraphics on input line 55.
Package epstopdf Info: Output file is already uptodate.
<2_RelatedWork/Figures/java_gc-eps-converted-to.pdf, id=531, 1158.3275pt x 832.10875pt>
File: 2_RelatedWork/Figures/java_gc-eps-converted-to.pdf Graphic file (type pdf)
<use 2_RelatedWork/Figures/java_gc-eps-converted-to.pdf>
Package pdftex.def Info: 2_RelatedWork/Figures/java_gc-eps-converted-to.pdf  used on input line 55.
(pdftex.def)             Requested size: 426.79134pt x 306.59302pt.
) (/Users/sinsakuokazaki/master-thesis/thesis_template/2_RelatedWork/model/gctuning.tex [14]) (/Users/sinsakuokazaki/master-thesis/thesis_template/2_RelatedWork/model/application_to_system_language.tex [15 </Users/sinsakuokazaki/master-thesis/thesis_template/2_RelatedWork/Figures/java_heap-eps-converted-to.pdf>] [16 </Users/sinsakuokazaki/master-thesis/thesis_template/2_RelatedWork/Figures/java_gc-eps-converted-to.pdf>]) (/Users/sinsakuokazaki/master-thesis/thesis_template/2_RelatedWork/model/rust_memory_management.tex [17]
Package epstopdf Info: Source file: <2_RelatedWork/Figures/rust_vec.eps>
(epstopdf)                    date: 2020-04-09 03:29:38
(epstopdf)                    size: 13762 bytes
(epstopdf)             Output file: <2_RelatedWork/Figures/rust_vec-eps-converted-to.pdf>
(epstopdf)                    date: 2020-04-09 03:32:44
(epstopdf)                    size: 5771 bytes
(epstopdf)             Command: <repstopdf --outfile=2_RelatedWork/Figures/rust_vec-eps-converted-to.pdf 2_RelatedWork/Figures/rust_vec.eps>
(epstopdf)             \includegraphics on input line 17.
Package epstopdf Info: Output file is already uptodate.
<2_RelatedWork/Figures/rust_vec-eps-converted-to.pdf, id=564, 321.2pt x 176.66pt>
File: 2_RelatedWork/Figures/rust_vec-eps-converted-to.pdf Graphic file (type pdf)
<use 2_RelatedWork/Figures/rust_vec-eps-converted-to.pdf>
Package pdftex.def Info: 2_RelatedWork/Figures/rust_vec-eps-converted-to.pdf  used on input line 17.
(pdftex.def)             Requested size: 426.79134pt x 234.74188pt.
LaTeX Font Info:    Try loading font information for OML+cmr on input line 30.
 (/usr/local/texlive/2019/texmf-dist/tex/latex/base/omlcmr.fd
File: omlcmr.fd 2014/09/29 v2.5h Standard LaTeX font definitions
)
LaTeX Font Info:    Font shape `OML/cmr/m/n' in size <10.95> not available
(Font)              Font shape `OML/cmm/m/it' tried instead on input line 30.
 [18 </Users/sinsakuokazaki/master-thesis/thesis_template/2_RelatedWork/Figures/rust_vec-eps-converted-to.pdf>]
Package epstopdf Info: Source file: <2_RelatedWork/Figures/java_array.eps>
(epstopdf)                    date: 2020-04-23 12:43:20
(epstopdf)                    size: 25289 bytes
(epstopdf)             Output file: <2_RelatedWork/Figures/java_array-eps-converted-to.pdf>
(epstopdf)                    date: 2020-04-23 12:45:02
(epstopdf)                    size: 7904 bytes
(epstopdf)             Command: <repstopdf --outfile=2_RelatedWork/Figures/java_array-eps-converted-to.pdf 2_RelatedWork/Figures/java_array.eps>
(epstopdf)             \includegraphics on input line 39.
Package epstopdf Info: Output file is already uptodate.
<2_RelatedWork/Figures/java_array-eps-converted-to.pdf, id=576, 288.07625pt x 346.29375pt>
File: 2_RelatedWork/Figures/java_array-eps-converted-to.pdf Graphic file (type pdf)
<use 2_RelatedWork/Figures/java_array-eps-converted-to.pdf>
Package pdftex.def Info: 2_RelatedWork/Figures/java_array-eps-converted-to.pdf  used on input line 39.
(pdftex.def)             Requested size: 284.52756pt x 342.03926pt.
Package epstopdf Info: Source file: <2_RelatedWork/Figures/python_list.eps>
(epstopdf)                    date: 2020-04-12 03:58:21
(epstopdf)                    size: 27461 bytes
(epstopdf)             Output file: <2_RelatedWork/Figures/python_list-eps-converted-to.pdf>
(epstopdf)                    date: 2020-04-12 04:00:10
(epstopdf)                    size: 8141 bytes
(epstopdf)             Command: <repstopdf --outfile=2_RelatedWork/Figures/python_list-eps-converted-to.pdf 2_RelatedWork/Figures/python_list.eps>
(epstopdf)             \includegraphics on input line 45.
Package epstopdf Info: Output file is already uptodate.
<2_RelatedWork/Figures/python_list-eps-converted-to.pdf, id=577, 255.95625pt x 346.29375pt>
File: 2_RelatedWork/Figures/python_list-eps-converted-to.pdf Graphic file (type pdf)
<use 2_RelatedWork/Figures/python_list-eps-converted-to.pdf>
Package pdftex.def Info: 2_RelatedWork/Figures/python_list-eps-converted-to.pdf  used on input line 45.
(pdftex.def)             Requested size: 284.52756pt x 384.97183pt.
 [19 </Users/sinsakuokazaki/master-thesis/thesis_template/2_RelatedWork/Figures/java_array-eps-converted-to.pdf>]
Package epstopdf Info: Source file: <2_RelatedWork/Figures/cplusplus_vector.eps>
(epstopdf)                    date: 2020-04-12 03:57:38
(epstopdf)                    size: 22270 bytes
(epstopdf)             Output file: <2_RelatedWork/Figures/cplusplus_vector-eps-converted-to.pdf>
(epstopdf)                    date: 2020-04-12 04:04:20
(epstopdf)                    size: 7309 bytes
(epstopdf)             Command: <repstopdf --outfile=2_RelatedWork/Figures/cplusplus_vector-eps-converted-to.pdf 2_RelatedWork/Figures/cplusplus_vector.eps>
(epstopdf)             \includegraphics on input line 60.
Package epstopdf Info: Output file is already uptodate.
<2_RelatedWork/Figures/cplusplus_vector-eps-converted-to.pdf, id=596, 374.39874pt x 202.7575pt>
File: 2_RelatedWork/Figures/cplusplus_vector-eps-converted-to.pdf Graphic file (type pdf)
<use 2_RelatedWork/Figures/cplusplus_vector-eps-converted-to.pdf>
Package pdftex.def Info: 2_RelatedWork/Figures/cplusplus_vector-eps-converted-to.pdf  used on input line 60.
(pdftex.def)             Requested size: 426.79134pt x 231.14285pt.
Package epstopdf Info: Source file: <2_RelatedWork/Figures/cplusplus_vector_copied.eps>
(epstopdf)                    date: 2020-04-12 03:57:51
(epstopdf)                    size: 39165 bytes
(epstopdf)             Output file: <2_RelatedWork/Figures/cplusplus_vector_copied-eps-converted-to.pdf>
(epstopdf)                    date: 2020-04-12 04:04:20
(epstopdf)                    size: 9424 bytes
(epstopdf)             Command: <repstopdf --outfile=2_RelatedWork/Figures/cplusplus_vector_copied-eps-converted-to.pdf 2_RelatedWork/Figures/cplusplus_vector_copied.eps>
(epstopdf)             \includegraphics on input line 67.
Package epstopdf Info: Output file is already uptodate.
<2_RelatedWork/Figures/cplusplus_vector_copied-eps-converted-to.pdf, id=597, 518.93875pt x 156.585pt>
File: 2_RelatedWork/Figures/cplusplus_vector_copied-eps-converted-to.pdf Graphic file (type pdf)
<use 2_RelatedWork/Figures/cplusplus_vector_copied-eps-converted-to.pdf>
Package pdftex.def Info: 2_RelatedWork/Figures/cplusplus_vector_copied-eps-converted-to.pdf  used on input line 67.
(pdftex.def)             Requested size: 426.79134pt x 128.78758pt.
 [20 </Users/sinsakuokazaki/master-thesis/thesis_template/2_RelatedWork/Figures/python_list-eps-converted-to.pdf>] [21 </Users/sinsakuokazaki/master-thesis/thesis_template/2_RelatedWork/Figures/cplusplus_vector-eps-converted-to.pdf> </Users/sinsakuokazaki/master-thesis/thesis_template/2_RelatedWork/Figures/cplusplus_vector_copied-eps-converted-to.pdf>]
Package epstopdf Info: Source file: <2_RelatedWork/Figures/rust_vec_moved.eps>
(epstopdf)                    date: 2020-04-12 03:57:34
(epstopdf)                    size: 22118 bytes
(epstopdf)             Output file: <2_RelatedWork/Figures/rust_vec_moved-eps-converted-to.pdf>
(epstopdf)                    date: 2020-04-12 04:05:18
(epstopdf)                    size: 7206 bytes
(epstopdf)             Command: <repstopdf --outfile=2_RelatedWork/Figures/rust_vec_moved-eps-converted-to.pdf 2_RelatedWork/Figures/rust_vec_moved.eps>
(epstopdf)             \includegraphics on input line 86.
Package epstopdf Info: Output file is already uptodate.
<2_RelatedWork/Figures/rust_vec_moved-eps-converted-to.pdf, id=632, 370.38374pt x 168.63pt>
File: 2_RelatedWork/Figures/rust_vec_moved-eps-converted-to.pdf Graphic file (type pdf)
<use 2_RelatedWork/Figures/rust_vec_moved-eps-converted-to.pdf>
Package pdftex.def Info: 2_RelatedWork/Figures/rust_vec_moved-eps-converted-to.pdf  used on input line 86.
(pdftex.def)             Requested size: 426.79134pt x 194.31409pt.
) (/Users/sinsakuokazaki/master-thesis/thesis_template/2_RelatedWork/model/llvm.tex [22 </Users/sinsakuokazaki/master-thesis/thesis_template/2_RelatedWork/Figures/rust_vec_moved-eps-converted-to.pdf>]) (/Users/sinsakuokazaki/master-thesis/thesis_template/2_RelatedWork/model/summary.tex) [23] [24])
\openout2 = `3_Body/body.aux'.

 (/Users/sinsakuokazaki/master-thesis/thesis_template/3_Body/body.tex
Chapter 3.
(/Users/sinsakuokazaki/master-thesis/thesis_template/3_Body/chapter/concept.tex
Package epstopdf Info: Source file: <3_Body/Figures/own_ref_slice.eps>
(epstopdf)                    date: 2020-04-17 07:33:28
(epstopdf)                    size: 23832 bytes
(epstopdf)             Output file: <3_Body/Figures/own_ref_slice-eps-converted-to.pdf>
(epstopdf)                    date: 2020-04-17 07:49:42
(epstopdf)                    size: 7237 bytes
(epstopdf)             Command: <repstopdf --outfile=3_Body/Figures/own_ref_slice-eps-converted-to.pdf 3_Body/Figures/own_ref_slice.eps>
(epstopdf)             \includegraphics on input line 25.
Package epstopdf Info: Output file is already uptodate.
<3_Body/Figures/own_ref_slice-eps-converted-to.pdf, id=660, 305.14pt x 284.06125pt>
File: 3_Body/Figures/own_ref_slice-eps-converted-to.pdf Graphic file (type pdf)
<use 3_Body/Figures/own_ref_slice-eps-converted-to.pdf>
Package pdftex.def Info: 3_Body/Figures/own_ref_slice-eps-converted-to.pdf  used on input line 25.
(pdftex.def)             Requested size: 284.52756pt x 264.88072pt.
 [25





] [26 </Users/sinsakuokazaki/master-thesis/thesis_template/3_Body/Figures/own_ref_slice-eps-converted-to.pdf>] [27]
Package epstopdf Info: Source file: <3_Body/Figures/normal_agg.eps>
(epstopdf)                    date: 2020-04-19 05:39:53
(epstopdf)                    size: 8443 bytes
(epstopdf)             Output file: <3_Body/Figures/normal_agg-eps-converted-to.pdf>
(epstopdf)                    date: 2020-04-19 05:46:41
(epstopdf)                    size: 4134 bytes
(epstopdf)             Command: <repstopdf --outfile=3_Body/Figures/normal_agg-eps-converted-to.pdf 3_Body/Figures/normal_agg.eps>
(epstopdf)             \includegraphics on input line 76.
Package epstopdf Info: Output file is already uptodate.
<3_Body/Figures/normal_agg-eps-converted-to.pdf, id=682, 236.885pt x 377.41pt>
File: 3_Body/Figures/normal_agg-eps-converted-to.pdf Graphic file (type pdf)
<use 3_Body/Figures/normal_agg-eps-converted-to.pdf>
Package pdftex.def Info: 3_Body/Figures/normal_agg-eps-converted-to.pdf  used on input line 76.
(pdftex.def)             Requested size: 142.26378pt x 226.66081pt.
Package epstopdf Info: Source file: <3_Body/Figures/tree_agg.eps>
(epstopdf)                    date: 2020-04-19 05:39:54
(epstopdf)                    size: 8421 bytes
(epstopdf)             Output file: <3_Body/Figures/tree_agg-eps-converted-to.pdf>
(epstopdf)                    date: 2020-04-19 05:46:41
(epstopdf)                    size: 4161 bytes
(epstopdf)             Command: <repstopdf --outfile=3_Body/Figures/tree_agg-eps-converted-to.pdf 3_Body/Figures/tree_agg.eps>
(epstopdf)             \includegraphics on input line 81.
Package epstopdf Info: Output file is already uptodate.
<3_Body/Figures/tree_agg-eps-converted-to.pdf, id=683, 313.17pt x 247.92625pt>
File: 3_Body/Figures/tree_agg-eps-converted-to.pdf Graphic file (type pdf)
<use 3_Body/Figures/tree_agg-eps-converted-to.pdf>
Package pdftex.def Info: 3_Body/Figures/tree_agg-eps-converted-to.pdf  used on input line 81.
(pdftex.def)             Requested size: 199.16928pt x 157.68109pt.
 [28 </Users/sinsakuokazaki/master-thesis/thesis_template/3_Body/Figures/normal_agg-eps-converted-to.pdf> </Users/sinsakuokazaki/master-thesis/thesis_template/3_Body/Figures/tree_agg-eps-converted-to.pdf>] [29]
LaTeX Font Info:    Font shape `OMS/cmr/m/n' in size <6> not available
(Font)              Font shape `OMS/cmsy/m/n' tried instead on input line 135.
LaTeX Font Info:    Font shape `OML/cmr/m/n' in size <6> not available
(Font)              Font shape `OML/cmm/m/it' tried instead on input line 160.
 [30] [31] [32])
Chapter 4.
(/Users/sinsakuokazaki/master-thesis/thesis_template/3_Body/chapter/evaluation.tex (/Users/sinsakuokazaki/master-thesis/thesis_template/3_Body/model/experimental_set_detail.tex) [33



] (/Users/sinsakuokazaki/master-thesis/thesis_template/3_Body/model/access_own_reference_slice.tex
Overfull \hbox (1.73135pt too wide) in paragraph at lines 6--10
[]\OT1/cmr/m/n/10.95 To eval-u-ate this as-sump-tion, we use the three types of com-plex ob-jects: Cus-tomerOwned,
 []

[34]
Package epstopdf Info: Source file: <3_Body/Figures/rust_access_different_poniter_init.eps>
(epstopdf)                    date: 2020-05-04 03:18:03
(epstopdf)                    size: 33156 bytes
(epstopdf)             Output file: <3_Body/Figures/rust_access_different_poniter_init-eps-converted-to.pdf>
(epstopdf)                    date: 2020-05-04 03:18:05
(epstopdf)                    size: 16939 bytes
(epstopdf)             Command: <repstopdf --outfile=3_Body/Figures/rust_access_different_poniter_init-eps-converted-to.pdf 3_Body/Figures/rust_access_different_poniter_init.eps>
(epstopdf)             \includegraphics on input line 28.
Package epstopdf Info: Output file is already uptodate.
<3_Body/Figures/rust_access_different_poniter_init-eps-converted-to.pdf, id=855, 1084.05pt x 722.7pt>
File: 3_Body/Figures/rust_access_different_poniter_init-eps-converted-to.pdf Graphic file (type pdf)
<use 3_Body/Figures/rust_access_different_poniter_init-eps-converted-to.pdf>
Package pdftex.def Info: 3_Body/Figures/rust_access_different_poniter_init-eps-converted-to.pdf  used on input line 28.
(pdftex.def)             Requested size: 426.79134pt x 284.53154pt.
Package epstopdf Info: Source file: <3_Body/Figures/rust_access_different_poniter_noinit.eps>
(epstopdf)                    date: 2020-05-04 03:18:10
(epstopdf)                    size: 33174 bytes
(epstopdf)             Output file: <3_Body/Figures/rust_access_different_poniter_noinit-eps-converted-to.pdf>
(epstopdf)                    date: 2020-05-04 03:18:11
(epstopdf)                    size: 16952 bytes
(epstopdf)             Command: <repstopdf --outfile=3_Body/Figures/rust_access_different_poniter_noinit-eps-converted-to.pdf 3_Body/Figures/rust_access_different_poniter_noinit.eps>
(epstopdf)             \includegraphics on input line 34.
Package epstopdf Info: Output file is already uptodate.
<3_Body/Figures/rust_access_different_poniter_noinit-eps-converted-to.pdf, id=856, 1084.05pt x 722.7pt>
File: 3_Body/Figures/rust_access_different_poniter_noinit-eps-converted-to.pdf Graphic file (type pdf)
<use 3_Body/Figures/rust_access_different_poniter_noinit-eps-converted-to.pdf>
Package pdftex.def Info: 3_Body/Figures/rust_access_different_poniter_noinit-eps-converted-to.pdf  used on input line 34.
(pdftex.def)             Requested size: 426.79134pt x 284.53154pt.
) [35 </Users/sinsakuokazaki/master-thesis/thesis_template/3_Body/Figures/rust_access_different_poniter_init-eps-converted-to.pdf>] (/Users/sinsakuokazaki/master-thesis/thesis_template/3_Body/model/drop_ref_rc.tex [36 </Users/sinsakuokazaki/master-thesis/thesis_template/3_Body/Figures/rust_access_different_poniter_noinit-eps-converted-to.pdf>]
Package epstopdf Info: Source file: <3_Body/Figures/rust_droptime_borring_rc.eps>
(epstopdf)                    date: 2020-05-04 03:27:12
(epstopdf)                    size: 35752 bytes
(epstopdf)             Output file: <3_Body/Figures/rust_droptime_borring_rc-eps-converted-to.pdf>
(epstopdf)                    date: 2020-05-04 03:27:14
(epstopdf)                    size: 18168 bytes
(epstopdf)             Command: <repstopdf --outfile=3_Body/Figures/rust_droptime_borring_rc-eps-converted-to.pdf 3_Body/Figures/rust_droptime_borring_rc.eps>
(epstopdf)             \includegraphics on input line 30.
Package epstopdf Info: Output file is already uptodate.
<3_Body/Figures/rust_droptime_borring_rc-eps-converted-to.pdf, id=953, 1084.05pt x 722.7pt>
File: 3_Body/Figures/rust_droptime_borring_rc-eps-converted-to.pdf Graphic file (type pdf)
<use 3_Body/Figures/rust_droptime_borring_rc-eps-converted-to.pdf>
Package pdftex.def Info: 3_Body/Figures/rust_droptime_borring_rc-eps-converted-to.pdf  used on input line 30.
(pdftex.def)             Requested size: 426.79134pt x 284.53154pt.
 [37 </Users/sinsakuokazaki/master-thesis/thesis_template/3_Body/Figures/rust_droptime_borring_rc-eps-converted-to.pdf>]) (/Users/sinsakuokazaki/master-thesis/thesis_template/3_Body/model/merge_sort_experiment.tex [38] [39]
Package epstopdf Info: Source file: <3_Body/Figures/rust_merge_sort.eps>
(epstopdf)                    date: 2020-05-04 03:28:46
(epstopdf)                    size: 30288 bytes
(epstopdf)             Output file: <3_Body/Figures/rust_merge_sort-eps-converted-to.pdf>
(epstopdf)                    date: 2020-05-04 03:28:47
(epstopdf)                    size: 17748 bytes
(epstopdf)             Command: <repstopdf --outfile=3_Body/Figures/rust_merge_sort-eps-converted-to.pdf 3_Body/Figures/rust_merge_sort.eps>
(epstopdf)             \includegraphics on input line 47.
Package epstopdf Info: Output file is already uptodate.
<3_Body/Figures/rust_merge_sort-eps-converted-to.pdf, id=1017, 1084.05pt x 722.7pt>
File: 3_Body/Figures/rust_merge_sort-eps-converted-to.pdf Graphic file (type pdf)
<use 3_Body/Figures/rust_merge_sort-eps-converted-to.pdf>
Package pdftex.def Info: 3_Body/Figures/rust_merge_sort-eps-converted-to.pdf  used on input line 47.
(pdftex.def)             Requested size: 426.79134pt x 284.53154pt.
 [40 </Users/sinsakuokazaki/master-thesis/thesis_template/3_Body/Figures/rust_merge_sort-eps-converted-to.pdf>]) (/Users/sinsakuokazaki/master-thesis/thesis_template/3_Body/model/tree_aggregate_experiment.tex [41] [42]
Package epstopdf Info: Source file: <3_Body/Figures/rust_tree_aggregate.eps>
(epstopdf)                    date: 2020-05-04 03:31:46
(epstopdf)                    size: 31390 bytes
(epstopdf)             Output file: <3_Body/Figures/rust_tree_aggregate-eps-converted-to.pdf>
(epstopdf)                    date: 2020-05-04 03:31:47
(epstopdf)                    size: 19376 bytes
(epstopdf)             Command: <repstopdf --outfile=3_Body/Figures/rust_tree_aggregate-eps-converted-to.pdf 3_Body/Figures/rust_tree_aggregate.eps>
(epstopdf)             \includegraphics on input line 87.
Package epstopdf Info: Output file is already uptodate.
<3_Body/Figures/rust_tree_aggregate-eps-converted-to.pdf, id=1089, 1084.05pt x 722.7pt>
File: 3_Body/Figures/rust_tree_aggregate-eps-converted-to.pdf Graphic file (type pdf)
<use 3_Body/Figures/rust_tree_aggregate-eps-converted-to.pdf>
Package pdftex.def Info: 3_Body/Figures/rust_tree_aggregate-eps-converted-to.pdf  used on input line 87.
(pdftex.def)             Requested size: 426.79134pt x 284.53154pt.
 [43] [44 </Users/sinsakuokazaki/master-thesis/thesis_template/3_Body/Figures/rust_tree_aggregate-eps-converted-to.pdf>]) (/Users/sinsakuokazaki/master-thesis/thesis_template/3_Body/model/knn.tex [45] [46]
Package epstopdf Info: Source file: <3_Body/Figures/total.eps>
(epstopdf)                    date: 2020-04-30 02:28:38
(epstopdf)                    size: 42063 bytes
(epstopdf)             Output file: <3_Body/Figures/total-eps-converted-to.pdf>
(epstopdf)                    date: 2020-04-30 07:26:39
(epstopdf)                    size: 17046 bytes
(epstopdf)             Command: <repstopdf --outfile=3_Body/Figures/total-eps-converted-to.pdf 3_Body/Figures/total.eps>
(epstopdf)             \includegraphics on input line 94.
Package epstopdf Info: Output file is already uptodate.
<3_Body/Figures/total-eps-converted-to.pdf, id=1194, 1084.05pt x 722.7pt>
File: 3_Body/Figures/total-eps-converted-to.pdf Graphic file (type pdf)
<use 3_Body/Figures/total-eps-converted-to.pdf>
Package pdftex.def Info: 3_Body/Figures/total-eps-converted-to.pdf  used on input line 94.
(pdftex.def)             Requested size: 426.79134pt x 284.53154pt.
Package epstopdf Info: Source file: <3_Body/Figures/preprocessing.eps>
(epstopdf)                    date: 2020-04-30 02:28:23
(epstopdf)                    size: 42414 bytes
(epstopdf)             Output file: <3_Body/Figures/preprocessing-eps-converted-to.pdf>
(epstopdf)                    date: 2020-04-30 07:23:58
(epstopdf)                    size: 16910 bytes
(epstopdf)             Command: <repstopdf --outfile=3_Body/Figures/preprocessing-eps-converted-to.pdf 3_Body/Figures/preprocessing.eps>
(epstopdf)             \includegraphics on input line 100.
Package epstopdf Info: Output file is already uptodate.
<3_Body/Figures/preprocessing-eps-converted-to.pdf, id=1195, 1084.05pt x 722.7pt>
File: 3_Body/Figures/preprocessing-eps-converted-to.pdf Graphic file (type pdf)
<use 3_Body/Figures/preprocessing-eps-converted-to.pdf>
Package pdftex.def Info: 3_Body/Figures/preprocessing-eps-converted-to.pdf  used on input line 100.
(pdftex.def)             Requested size: 426.79134pt x 284.53154pt.
Package epstopdf Info: Source file: <3_Body/Figures/query.eps>
(epstopdf)                    date: 2020-04-30 02:28:31
(epstopdf)                    size: 42582 bytes
(epstopdf)             Output file: <3_Body/Figures/query-eps-converted-to.pdf>
(epstopdf)                    date: 2020-04-30 07:25:14
(epstopdf)                    size: 17224 bytes
(epstopdf)             Command: <repstopdf --outfile=3_Body/Figures/query-eps-converted-to.pdf 3_Body/Figures/query.eps>
(epstopdf)             \includegraphics on input line 107.
Package epstopdf Info: Output file is already uptodate.
<3_Body/Figures/query-eps-converted-to.pdf, id=1196, 1084.05pt x 722.7pt>
File: 3_Body/Figures/query-eps-converted-to.pdf Graphic file (type pdf)
<use 3_Body/Figures/query-eps-converted-to.pdf>
Package pdftex.def Info: 3_Body/Figures/query-eps-converted-to.pdf  used on input line 107.
(pdftex.def)             Requested size: 426.79134pt x 284.53154pt.
 [47] [48] [49 </Users/sinsakuokazaki/master-thesis/thesis_template/3_Body/Figures/total-eps-converted-to.pdf>]) [50 </Users/sinsakuokazaki/master-thesis/thesis_template/3_Body/Figures/preprocessing-eps-converted-to.pdf>]) [51 </Users/sinsakuokazaki/master-thesis/thesis_template/3_Body/Figures/query-eps-converted-to.pdf>])
\openout2 = `4_Conclusion/conclusion.aux'.

 (/Users/sinsakuokazaki/master-thesis/thesis_template/4_Conclusion/conclusion.tex
Chapter 5.
[52





]) [53]
\openout2 = `Appendix/Appendix.aux'.

 (/Users/sinsakuokazaki/master-thesis/thesis_template/Appendix/Appendix.tex
Appendix A.
(/Users/sinsakuokazaki/master-thesis/thesis_template/Appendix/model/linalg.tex (/usr/local/texlive/2019/texmf-dist/tex/latex/listings/lstlang1.sty
File: lstlang1.sty 2019/02/27 1.8b listings language file
) (/usr/local/texlive/2019/texmf-dist/tex/latex/listings/lstlang1.sty
File: lstlang1.sty 2019/02/27 1.8b listings language file
)
Package epstopdf Info: Source file: <Appendix/Figures/cblas_with_jni.eps>
(epstopdf)                    date: 2019-10-19 04:27:35
(epstopdf)                    size: 100013 bytes
(epstopdf)             Output file: <Appendix/Figures/cblas_with_jni-eps-converted-to.pdf>
(epstopdf)                    date: 2020-03-03 05:19:58
(epstopdf)                    size: 19412 bytes
(epstopdf)             Command: <repstopdf --outfile=Appendix/Figures/cblas_with_jni-eps-converted-to.pdf Appendix/Figures/cblas_with_jni.eps>
(epstopdf)             \includegraphics on input line 31.
Package epstopdf Info: Output file is already uptodate.
<Appendix/Figures/cblas_with_jni-eps-converted-to.pdf, id=1357, 756.8275pt x 427.5975pt>
File: Appendix/Figures/cblas_with_jni-eps-converted-to.pdf Graphic file (type pdf)
<use Appendix/Figures/cblas_with_jni-eps-converted-to.pdf>
Package pdftex.def Info: Appendix/Figures/cblas_with_jni-eps-converted-to.pdf  used on input line 31.
(pdftex.def)             Requested size: 426.79134pt x 241.12979pt.
)) [54




] [55 </Users/sinsakuokazaki/master-thesis/thesis_template/Appendix/Figures/cblas_with_jni-eps-converted-to.pdf>] (/Users/sinsakuokazaki/master-thesis/thesis_template/thesis.bbl [56


] [57]) [58]
\openout2 = `0_Prelim/cv.aux'.

 (/Users/sinsakuokazaki/master-thesis/thesis_template/0_Prelim/cv.tex [59


]) [60]
Package atveryend Info: Empty hook `BeforeClearDocument' on input line 112.
Package atveryend Info: Empty hook `AfterLastShipout' on input line 112.
 (/Users/sinsakuokazaki/master-thesis/thesis_template/thesis.aux (/Users/sinsakuokazaki/master-thesis/thesis_template/0_Prelim/prelim.aux) (/Users/sinsakuokazaki/master-thesis/thesis_template/1_Intro/intro.aux) (/Users/sinsakuokazaki/master-thesis/thesis_template/2_RelatedWork/RelatedWork.aux) (/Users/sinsakuokazaki/master-thesis/thesis_template/3_Body/body.aux) (/Users/sinsakuokazaki/master-thesis/thesis_template/4_Conclusion/conclusion.aux) (/Users/sinsakuokazaki/master-thesis/thesis_template/Appendix/Appendix.aux) (/Users/sinsakuokazaki/master-thesis/thesis_template/0_Prelim/cv.aux))
Package atveryend Info: Executing hook `AtVeryEndDocument' on input line 112.
Package atveryend Info: Executing hook `AtEndAfterFileList' on input line 112.
Package rerunfilecheck Info: File `thesis.out' has not changed.
(rerunfilecheck)             Checksum: 00F3F87B9FB874CC56757CA30E202364;4195.


LaTeX Warning: There were multiply-defined labels.

Package atveryend Info: Empty hook `AtVeryVeryEnd' on input line 112.
 ) 
Here is how much of TeX's memory you used:
 10542 strings out of 492616
 165353 string characters out of 6129482
 483426 words of memory out of 5000000
 13792 multiletter control sequences out of 15000+600000
 11828 words of font info for 45 fonts, out of 8000000 for 9000
 1141 hyphenation exceptions out of 8191
 42i,13n,53p,605b,1754s stack positions out of 5000i,500n,10000p,200000b,80000s
</usr/local/texlive/2019/texmf-dist/fonts/type1/public/amsfonts/cm/cmbx10.pfb></usr/local/texlive/2019/texmf-dist/fonts/type1/public/amsfonts/cm/cmbx12.pfb></usr/local/texlive/2019/texmf-dist/fonts/type1/public/amsfonts/cm/cmex10.pfb></usr/local/texlive/2019/texmf-dist/fonts/type1/public/amsfonts/cm/cmmi10.pfb></usr/local/texlive/2019/texmf-dist/fonts/type1/public/amsfonts/cm/cmmi6.pfb></usr/local/texlive/2019/texmf-dist/fonts/type1/public/amsfonts/cm/cmmi8.pfb></usr/local/texlive/2019/texmf-dist/fonts/type1/public/amsfonts/cm/cmr10.pfb></usr/local/texlive/2019/texmf-dist/fonts/type1/public/amsfonts/cm/cmr12.pfb></usr/local/texlive/2019/texmf-dist/fonts/type1/public/amsfonts/cm/cmr6.pfb></usr/local/texlive/2019/texmf-dist/fonts/type1/public/amsfonts/cm/cmr8.pfb></usr/local/texlive/2019/texmf-dist/fonts/type1/public/amsfonts/cm/cmsy10.pfb></usr/local/texlive/2019/texmf-dist/fonts/type1/public/amsfonts/cm/cmsy6.pfb></usr/local/texlive/2019/texmf-dist/fonts/type1/public/amsfonts/cm/cmti10.pfb></usr/local/texlive/2019/texmf-dist/fonts/type1/public/amsfonts/cm/cmtt10.pfb>
Output written on /Users/sinsakuokazaki/master-thesis/thesis_template/thesis.pdf (71 pages, 528751 bytes).
PDF statistics:
 1553 PDF objects out of 1728 (max. 8388607)
 1104 compressed objects within 12 object streams
 361 named destinations out of 1000 (max. 500000)
 597 words of extra memory for PDF output out of 10000 (max. 10000000)

