\BOOKMARK [0][-]{chapter.1}{Introduction}{}% 1
\BOOKMARK [1][-]{section.1.1}{Motivation}{chapter.1}% 2
\BOOKMARK [1][-]{section.1.2}{Problem Description}{chapter.1}% 3
\BOOKMARK [0][-]{chapter.2}{Related Work}{}% 4
\BOOKMARK [1][-]{section.2.1}{Operating Systems}{chapter.2}% 5
\BOOKMARK [2][-]{subsection.2.1.1}{Memory and Process in Operating Systems}{section.2.1}% 6
\BOOKMARK [2][-]{subsection.2.1.2}{Multi-threading and Parallelism}{section.2.1}% 7
\BOOKMARK [2][-]{subsection.2.1.3}{Memory management in Operating System}{section.2.1}% 8
\BOOKMARK [2][-]{subsection.2.1.4}{Demand Paging}{section.2.1}% 9
\BOOKMARK [2][-]{subsection.2.1.5}{Copy on Page}{section.2.1}% 10
\BOOKMARK [1][-]{section.2.2}{Linear Algebra Computation}{chapter.2}% 11
\BOOKMARK [2][-]{subsection.2.2.1}{BLAS LAPACK}{section.2.2}% 12
\BOOKMARK [2][-]{subsection.2.2.2}{Netlib-Java}{section.2.2}% 13
\BOOKMARK [2][-]{subsection.2.2.3}{Matrix Computation and Optimization in Apache Spark}{section.2.2}% 14
\BOOKMARK [2][-]{subsection.2.2.4}{Memory Management of each Linear Algebra Library}{section.2.2}% 15
\BOOKMARK [1][-]{section.2.3}{Hadoop MapReduce to Spark}{chapter.2}% 16
\BOOKMARK [1][-]{section.2.4}{Apache Spark}{chapter.2}% 17
\BOOKMARK [2][-]{subsection.2.4.1}{Resilient Distributed Datasets}{section.2.4}% 18
\BOOKMARK [2][-]{subsection.2.4.2}{Memory Management in Spark}{section.2.4}% 19
\BOOKMARK [2][-]{subsection.2.4.3}{Garbage Collection Tuning}{section.2.4}% 20
\BOOKMARK [1][-]{section.2.5}{Application to System Language}{chapter.2}% 21
\BOOKMARK [1][-]{section.2.6}{Rust Memory Management}{chapter.2}% 22
\BOOKMARK [2][-]{subsection.2.6.1}{Ownership}{section.2.6}% 23
\BOOKMARK [2][-]{subsection.2.6.2}{Move}{section.2.6}% 24
\BOOKMARK [2][-]{subsection.2.6.3}{Borrowing}{section.2.6}% 25
\BOOKMARK [1][-]{section.2.7}{LLVM}{chapter.2}% 26
\BOOKMARK [0][-]{chapter.3}{Conceptual Design of Experience}{}% 27
\BOOKMARK [1][-]{section.3.1}{Type of Variable}{chapter.3}% 28
\BOOKMARK [1][-]{section.3.2}{Reference Count}{chapter.3}% 29
\BOOKMARK [1][-]{section.3.3}{Multithread}{chapter.3}% 30
\BOOKMARK [1][-]{section.3.4}{Tree-aggregate}{chapter.3}% 31
\BOOKMARK [1][-]{section.3.5}{K-Nearest-Neighbors}{chapter.3}% 32
\BOOKMARK [1][-]{section.3.6}{Complex Objects}{chapter.3}% 33
\BOOKMARK [0][-]{chapter.4}{Evaluation Result}{}% 34
\BOOKMARK [1][-]{section.4.1}{Experimental Set and Detail}{chapter.4}% 35
\BOOKMARK [2][-]{subsection.4.1.1}{Wikipedia Data Sets}{section.4.1}% 36
\BOOKMARK [2][-]{subsection.4.1.2}{Experimental Details}{section.4.1}% 37
\BOOKMARK [1][-]{section.4.2}{Experiment 1: Accessing Object with Different Variable Type}{chapter.4}% 38
\BOOKMARK [2][-]{subsection.4.2.1}{Result}{section.4.2}% 39
\BOOKMARK [2][-]{subsection.4.2.2}{Discussion}{section.4.2}% 40
\BOOKMARK [1][-]{section.4.3}{Experiment 2: Assessment of different reference methods in Rust}{chapter.4}% 41
\BOOKMARK [2][-]{subsection.4.3.1}{Result}{section.4.3}% 42
\BOOKMARK [2][-]{subsection.4.3.2}{Discussion}{section.4.3}% 43
\BOOKMARK [1][-]{section.4.4}{Experiment 2: Merge-sort}{chapter.4}% 44
\BOOKMARK [2][-]{subsection.4.4.1}{Result}{section.4.4}% 45
\BOOKMARK [2][-]{subsection.4.4.2}{Discussion}{section.4.4}% 46
\BOOKMARK [1][-]{section.4.5}{Experiment 4: Tree-aggregation}{chapter.4}% 47
\BOOKMARK [2][-]{subsection.4.5.1}{Result}{section.4.5}% 48
\BOOKMARK [2][-]{subsection.4.5.2}{Discussion}{section.4.5}% 49
\BOOKMARK [0][-]{chapter.5}{Conclusions}{}% 50
\BOOKMARK [1][-]{section.5.1}{Summary of the thesis}{chapter.5}% 51
\BOOKMARK [0][-]{Appendix.a.A}{Linear Algebra Computation}{}% 52
\BOOKMARK [1][-]{section.a.A.1}{Create Java interface of CBLAS with JNI}{Appendix.a.A}% 53
\BOOKMARK [0][-]{chapter*.28}{References}{}% 54
\BOOKMARK [0][-]{chapter*.28}{Curriculum Vitae}{}% 55
