datastructure#method#type#size#inittime#addtime#totaltime
[RustVector]#"memcpy"#"Integer"#1000000#8229#2541146#89846515
[RustVector]#"memcpy"#"Integer"#1000000#12549#2580402#90276861
[RustVector]#"memcpy"#"Integer"#1000000#8708#2586438#90305935
[RustVector]#"memcpy"#"Integer"#1000000#9230#2582630#91484466
[RustVector]#"memcpy"#"Integer"#1000000#12158#2532099#90092776
[RustVector]#"memcpy"#"String"#1000000#7497#15134934#7398578364
[RustVector]#"memcpy"#"String"#1000000#11454#14784683#7358868849
[RustVector]#"memcpy"#"String"#1000000#8383#14933498#7371548679
[RustVector]#"memcpy"#"String"#1000000#11513#15014196#7374005640
[RustVector]#"memcpy"#"String"#1000000#7807#14674141#7364500379
[RustVector]#"onebyone"#"Integer"#1000000#12006#150312744#237993507
[RustVector]#"onebyone"#"Integer"#1000000#8260#150193879#238703102
[RustVector]#"onebyone"#"Integer"#1000000#8510#152578436#240073779
[RustVector]#"onebyone"#"Integer"#1000000#8900#149651207#238555816
[RustVector]#"onebyone"#"Integer"#1000000#9361#150337515#238557488
[RustVector]#"onebyone"#"String"#1000000#8046#164676374#7513888590
[RustVector]#"onebyone"#"String"#1000000#8467#165685190#7543856091
[RustVector]#"onebyone"#"String"#1000000#8003#164574902#7556561735
[RustVector]#"onebyone"#"String"#1000000#7831#173054783#7581751514
[RustVector]#"onebyone"#"String"#1000000#9756#168523357#7577159135
[RustVector]#"clone"#"Integer"#1000000#22859#2619564#91438826
[RustVector]#"clone"#"Integer"#1000000#12114#2591545#90132250
[RustVector]#"clone"#"Integer"#1000000#8196#2656039#91078142
[RustVector]#"clone"#"Integer"#1000000#8656#2629628#91482851
[RustVector]#"clone"#"Integer"#1000000#8392#2598764#90156605
[RustVector]#"clone"#"String"#1000000#11003#103485348#7427339353
[RustVector]#"clone"#"String"#1000000#9444#102159956#7469493950
[RustVector]#"clone"#"String"#1000000#8404#103144017#7456105486
[RustVector]#"clone"#"String"#1000000#8022#103957065#7489299675
[RustVector]#"clone"#"String"#1000000#8902#104201798#7470884758
