nohup: ./: Permission denied
nohup: ./: Permission denied
nohup: ./: Permission denied
nohup: ./: Permission denied
nohup: ./: Permission denied
nohup: ./: Permission denied
nohup: ./: Permission denied
nohup: ./: Permission denied
nohup: ./: Permission denied
nohup: ./: Permission denied
nohup: ./: Permission denied
nohup: ./: Permission denied
nohup: ./: Permission denied
nohup: ./: Permission denied
nohup: ./: Permission denied
nohup: ./: Permission denied
nohup: ./: Permission denied
nohup: ./: Permission denied
nohup: ./: Permission denied
nohup: ./: Permission denied
nohup: ./: Permission denied
nohup: ./: Permission denied
nohup: ./: Permission denied
nohup: ./: Permission denied
nohup: ./: Permission denied
nohup: ./: Permission denied
nohup: ./: Permission denied
nohup: ./: Permission denied
nohup: ./: Permission denied
nohup: ./: Permission denied
nohup: ./: Permission denied
nohup: ./: Permission denied
nohup: ./: Permission denied
nohup: ./: Permission denied
nohup: ./: Permission denied
nohup: ./: Permission denied
nohup: ./: Permission denied
nohup: ./: Permission denied
nohup: ./: Permission denied
nohup: ./: Permission denied
nohup: ./: Permission denied
nohup: ./: Permission denied
nohup: ./: Permission denied
nohup: ./: Permission denied
nohup: ./: Permission denied
nohup: ./: Permission denied
nohup: ./: Permission denied
nohup: ./: Permission denied
nohup: ./: Permission denied
nohup: ./: Permission denied
nohup: ./: Permission denied
nohup: ./: Permission denied
nohup: ./: Permission denied
nohup: ./: Permission denied
nohup: ./: Permission denied
nohup: ./: Permission denied
nohup: ./: Permission denied
nohup: ./: Permission denied
nohup: ./: Permission denied
nohup: ./: Permission denied
nohup: ./: Permission denied
nohup: ./: Permission denied
nohup: ./: Permission denied
nohup: ./: Permission denied
nohup: ./: Permission denied
nohup: ./: Permission denied
nohup: ./: Permission denied
nohup: ./: Permission denied
nohup: ./: Permission denied
nohup: ./: Permission denied
nohup: ./: Permission denied
nohup: ./: Permission denied
nohup: ./: Permission denied
nohup: ./: Permission denied
nohup: ./: Permission denied
nohup: ./: Permission denied
nohup: ./: Permission denied
nohup: ./: Permission denied
nohup: ./: Permission denied
nohup: ./: Permission denied
nohup: ./: Permission denied
nohup: ./: Permission denied
nohup: ./: Permission denied
nohup: ./: Permission denied
nohup: ./: Permission denied
nohup: ./: Permission denied
nohup: ./: Permission denied
nohup: ./: Permission denied
nohup: ./: Permission denied
nohup: ./: Permission denied
nohup: ./: Permission denied
nohup: ./: Permission denied
nohup: ./: Permission denied
nohup: ./: Permission denied
nohup: ./: Permission denied
nohup: ./: Permission denied
nohup: ./: Permission denied
nohup: ./: Permission denied
nohup: ./: Permission denied
nohup: ./: Permission denied
nohup: ./: Permission denied
nohup: ./: Permission denied
nohup: ./: Permission denied
nohup: ./: Permission denied
nohup: ./: Permission denied
nohup: ./: Permission denied
nohup: ./: Permission denied
nohup: ./: Permission denied
nohup: ./: Permission denied
nohup: ./: Permission denied
nohup: ./: Permission denied
nohup: ./: Permission denied
nohup: ./: Permission denied
nohup: ./: Permission denied
nohup: ./: Permission denied
nohup: ./: Permission denied
nohup: ./: Permission denied
nohup: ./: Permission denied
nohup: ./: Permission denied
nohup: ./: Permission denied
nohup: ./: Permission denied
nohup: ./: Permission denied
nohup: ./: Permission denied
nohup: ./: Permission denied
nohup: ./: Permission denied
nohup: ./: Permission denied
nohup: ./: Permission denied
nohup: ./: Permission denied
nohup: ./: Permission denied
nohup: ./: Permission denied
nohup: ./: Permission denied
nohup: ./: Permission denied
nohup: ./: Permission denied
nohup: ./: Permission denied
nohup: ./: Permission denied
nohup: ./: Permission denied
nohup: ./: Permission denied
nohup: ./: Permission denied
nohup: ./: Permission denied
nohup: ./: Permission denied
nohup: ./: Permission denied
nohup: ./: Permission denied
nohup: ./: Permission denied
nohup: ./: Permission denied
nohup: ./: Permission denied
nohup: ./: Permission denied
nohup: ./: Permission denied
nohup: ./: Permission denied
nohup: ./: Permission denied
nohup: ./: Permission denied
nohup: ./: Permission denied
nohup: ./: Permission denied
nohup: ./: Permission denied
nohup: ./: Permission denied
nohup: ./: Permission denied
nohup: ./: Permission denied
nohup: ./: Permission denied
nohup: ./: Permission denied
nohup: ./: Permission denied
nohup: ./: Permission denied
nohup: ./: Permission denied
nohup: ./: Permission denied
nohup: ./: Permission denied
nohup: ./: Permission denied
nohup: ./: Permission denied
nohup: ./: Permission denied
nohup: ./: Permission denied
nohup: ./: Permission denied
nohup: ./: Permission denied
nohup: ./: Permission denied
nohup: ./: Permission denied
nohup: ./: Permission denied
nohup: ./: Permission denied
nohup: ./: Permission denied
nohup: ./: Permission denied
nohup: ./: Permission denied
nohup: ./: Permission denied
nohup: ./: Permission denied
nohup: ./: Permission denied
nohup: ./: Permission denied
nohup: ./: Permission denied
nohup: ./: Permission denied
nohup: ./: Permission denied
nohup: ./: Permission denied
nohup: ./: Permission denied
nohup: ./: Permission denied
nohup: ./: Permission denied
nohup: ./: Permission denied
nohup: ./: Permission denied
nohup: ./: Permission denied
nohup: ./: Permission denied
nohup: ./: Permission denied
nohup: ./: Permission denied
nohup: ./: Permission denied
nohup: ./: Permission denied
nohup: ./: Permission denied
nohup: ./: Permission denied
nohup: ./: Permission denied
nohup: ./: Permission denied
nohup: ./: Permission denied
nohup: ./: Permission denied
nohup: ./: Permission denied
nohup: ./: Permission denied
nohup: ./: Permission denied
nohup: ./: Permission denied
nohup: ./: Permission denied
nohup: ./: Permission denied
nohup: ./: Permission denied
nohup: ./: Permission denied
nohup: ./: Permission denied
nohup: ./: Permission denied
nohup: ./: Permission denied
nohup: ./: Permission denied
nohup: ./: Permission denied
nohup: ./: Permission denied
nohup: ./: Permission denied
nohup: ./: Permission denied
nohup: ./: Permission denied
nohup: ./: Permission denied
nohup: ./: Permission denied
nohup: ./: Permission denied
nohup: ./: Permission denied
nohup: ./: Permission denied
nohup: ./: Permission denied
nohup: ./: Permission denied
nohup: ./: Permission denied
nohup: ./: Permission denied
nohup: ./: Permission denied
nohup: ./: Permission denied
nohup: ./: Permission denied
nohup: ./: Permission denied
nohup: ./: Permission denied
nohup: ./: Permission denied
nohup: ./: Permission denied
nohup: ./: Permission denied
nohup: ./: Permission denied
nohup: ./: Permission denied
nohup: ./: Permission denied
nohup: ./: Permission denied
nohup: ./: Permission denied
nohup: ./: Permission denied
nohup: ./: Permission denied
nohup: ./: Permission denied
nohup: ./: Permission denied
nohup: ./: Permission denied
nohup: ./: Permission denied
nohup: ./: Permission denied
nohup: ./: Permission denied
nohup: ./: Permission denied
nohup: ./: Permission denied
nohup: ./: Permission denied
nohup: ./: Permission denied
nohup: ./: Permission denied
nohup: ./: Permission denied
nohup: ./: Permission denied
nohup: ./: Permission denied
nohup: ./: Permission denied
nohup: ./: Permission denied
nohup: ./: Permission denied
nohup: ./: Permission denied
nohup: ./: Permission denied
nohup: ./: Permission denied
nohup: ./: Permission denied
nohup: ./: Permission denied
nohup: ./: Permission denied
nohup: ./: Permission denied
nohup: ./: Permission denied
nohup: ./: Permission denied
nohup: ./: Permission denied
nohup: ./: Permission denied
nohup: ./: Permission denied
nohup: ./: Permission denied
nohup: ./: Permission denied
nohup: ./: Permission denied
nohup: ./: Permission denied
nohup: ./: Permission denied
nohup: ./: Permission denied
nohup: ./: Permission denied
nohup: ./: Permission denied
nohup: ./: Permission denied
nohup: ./: Permission denied
nohup: ./: Permission denied
nohup: ./: Permission denied
nohup: ./: Permission denied
nohup: ./: Permission denied
nohup: ./: Permission denied
nohup: ./: Permission denied
nohup: ./: Permission denied
nohup: ./: Permission denied
nohup: ./: Permission denied
nohup: ./: Permission denied
nohup: ./: Permission denied
nohup: ./: Permission denied
nohup: ./: Permission denied
nohup: ./: Permission denied
nohup: ./: Permission denied
nohup: ./: Permission denied
nohup: ./: Permission denied
nohup: ./: Permission denied
nohup: ./: Permission denied
nohup: ./: Permission denied
nohup: ./: Permission denied
nohup: ./: Permission denied
nohup: ./: Permission denied
nohup: ./: Permission denied
nohup: ./: Permission denied
nohup: ./: Permission denied
nohup: ./: Permission denied
nohup: ./: Permission denied
nohup: ./: Permission denied
nohup: ./: Permission denied
nohup: ./: Permission denied
nohup: ./: Permission denied
nohup: ./: Permission denied
nohup: ./: Permission denied
nohup: ./: Permission denied
nohup: ./: Permission denied
nohup: ./: Permission denied
nohup: ./: Permission denied
nohup: ./: Permission denied
   Compiling libc v0.2.66
   Compiling getrandom v0.1.14
   Compiling cfg-if v0.1.10
   Compiling ppv-lite86 v0.2.6
   Compiling c2-chacha v0.2.3
   Compiling rand_core v0.5.1
   Compiling rand_chacha v0.2.1
   Compiling rand v0.7.3
   Compiling rust_memAlloc_various v0.1.0 (/Users/sinsakuokazaki/master-thesis/project/rust_memAlloc_various)
warning: unused import: `std::mem`
 --> src/main.rs:7:5
  |
7 | use std::mem;
  |     ^^^^^^^^
  |
  = note: #[warn(unused_imports)] on by default

warning: unnecessary parentheses around assigned value
   --> src/main.rs:179:16
    |
179 |         sum += (distination[i] as i64);
    |                ^^^^^^^^^^^^^^^^^^^^^^^ help: remove these parentheses
    |
    = note: #[warn(unused_parens)] on by default

warning: unnecessary parentheses around assigned value
   --> src/main.rs:185:21
    |
185 |         true_sum += (i as i64);
    |                     ^^^^^^^^^^ help: remove these parentheses

warning: unnecessary parentheses around assigned value
   --> src/main.rs:187:19
    |
187 |     let correct = (sum == true_sum);
    |                   ^^^^^^^^^^^^^^^^^ help: remove these parentheses

warning: unnecessary parentheses around assigned value
   --> src/main.rs:197:16
    |
197 |         sum += (distination[i] as i64);
    |                ^^^^^^^^^^^^^^^^^^^^^^^ help: remove these parentheses

warning: unnecessary parentheses around assigned value
   --> src/main.rs:203:21
    |
203 |         true_sum += (i as i64);
    |                     ^^^^^^^^^^ help: remove these parentheses

warning: unnecessary parentheses around assigned value
   --> src/main.rs:205:19
    |
205 |     let correct = (sum == true_sum);
    |                   ^^^^^^^^^^^^^^^^^ help: remove these parentheses

warning: unnecessary parentheses around assigned value
   --> src/main.rs:215:16
    |
215 |         sum += (distination[i].len() as i64);
    |                ^^^^^^^^^^^^^^^^^^^^^^^^^^^^^ help: remove these parentheses

warning: unnecessary parentheses around assigned value
   --> src/main.rs:220:21
    |
220 |         true_sum += (source[i].len() as i64);
    |                     ^^^^^^^^^^^^^^^^^^^^^^^^ help: remove these parentheses

warning: unnecessary parentheses around assigned value
   --> src/main.rs:223:19
    |
223 |     let correct = (sum == true_sum);
    |                   ^^^^^^^^^^^^^^^^^ help: remove these parentheses

warning: unnecessary parentheses around assigned value
   --> src/main.rs:233:16
    |
233 |         sum += (distination[i].len() as i64);
    |                ^^^^^^^^^^^^^^^^^^^^^^^^^^^^^ help: remove these parentheses

warning: unnecessary parentheses around assigned value
   --> src/main.rs:238:21
    |
238 |         true_sum += (source[i].len() as i64);
    |                     ^^^^^^^^^^^^^^^^^^^^^^^^ help: remove these parentheses

warning: unnecessary parentheses around assigned value
   --> src/main.rs:241:19
    |
241 |     let correct = (sum == true_sum);
    |                   ^^^^^^^^^^^^^^^^^ help: remove these parentheses

warning: unreachable pattern
  --> src/main.rs:28:9
   |
28 |         _ => println!("Wrong type")
   |         ^
   |
   = note: #[warn(unreachable_patterns)] on by default

warning: unreachable pattern
   --> src/main.rs:320:9
    |
320 |         _ => String::from(""),
    |         ^

warning: unused variable: `source`
   --> src/main.rs:174:60
    |
174 | fn access_integer_test_mutable(distination :&mut Vec<i32>, source: &Vec<i32>) -> u128 {
    |                                                            ^^^^^^ help: consider prefixing with an underscore: `_source`
    |
    = note: #[warn(unused_variables)] on by default

warning: unused variable: `source`
   --> src/main.rs:192:58
    |
192 | fn access_integer_test_immutable(distination :&Vec<i32>, source: &Vec<i32>) -> u128 {
    |                                                          ^^^^^^ help: consider prefixing with an underscore: `_source`

warning: crate `rust_memAlloc_various` should have a snake case name
  |
  = note: #[warn(non_snake_case)] on by default
  = help: convert the identifier to snake case: `rust_mem_alloc_various`

warning: function `get_methodName` should have a snake case name
   --> src/main.rs:298:4
    |
298 | fn get_methodName(method: i32) -> String {
    |    ^^^^^^^^^^^^^^ help: convert the identifier to snake case: `get_method_name`

warning: function `get_elementType` should have a snake case name
   --> src/main.rs:308:4
    |
308 | fn get_elementType(eltype: i32) -> String {
    |    ^^^^^^^^^^^^^^^ help: convert the identifier to snake case: `get_element_type`

    Finished dev [unoptimized + debuginfo] target(s) in 6.34s
     Running `target/debug/rust_memAlloc_various 1000000 1 1 true`
size: 1000000
true
[RustVector]#"memcpy"#"Integer"#"mutable"#1000000#8884#1906165#76033395#207073601

        6.64 real         9.69 user         1.09 sys
    Finished dev [unoptimized + debuginfo] target(s) in 0.01s
     Running `target/debug/rust_memAlloc_various 1000000 1 1 true`
size: 1000000
true
[RustVector]#"memcpy"#"Integer"#"mutable"#1000000#6568#1914733#80806844#212431261

        0.24 real         0.22 user         0.01 sys
    Finished dev [unoptimized + debuginfo] target(s) in 0.01s
     Running `target/debug/rust_memAlloc_various 1000000 1 1 true`
size: 1000000
true
[RustVector]#"memcpy"#"Integer"#"mutable"#1000000#6236#1878061#77501905#209715369

        0.24 real         0.22 user         0.01 sys
    Finished dev [unoptimized + debuginfo] target(s) in 0.01s
     Running `target/debug/rust_memAlloc_various 1000000 1 1 true`
size: 1000000
true
[RustVector]#"memcpy"#"Integer"#"mutable"#1000000#6340#2034488#77830824#208539606

        0.24 real         0.22 user         0.01 sys
    Finished dev [unoptimized + debuginfo] target(s) in 0.01s
     Running `target/debug/rust_memAlloc_various 1000000 1 1 true`
size: 1000000
true
[RustVector]#"memcpy"#"Integer"#"mutable"#1000000#6716#1977506#76979003#207052318

        0.24 real         0.22 user         0.01 sys
    Finished dev [unoptimized + debuginfo] target(s) in 0.01s
     Running `target/debug/rust_memAlloc_various 1000000 1 1 false`
size: 1000000
true
[RustVector]#"memcpy"#"Integer"#"immutable"#1000000#6635#1972690#78039797#211703852

        0.24 real         0.22 user         0.01 sys
    Finished dev [unoptimized + debuginfo] target(s) in 0.01s
     Running `target/debug/rust_memAlloc_various 1000000 1 1 false`
size: 1000000
true
[RustVector]#"memcpy"#"Integer"#"immutable"#1000000#7460#1866563#77231828#209439845

        0.24 real         0.22 user         0.01 sys
    Finished dev [unoptimized + debuginfo] target(s) in 0.01s
     Running `target/debug/rust_memAlloc_various 1000000 1 1 false`
size: 1000000
true
[RustVector]#"memcpy"#"Integer"#"immutable"#1000000#6735#1850462#78094006#210965788

        0.24 real         0.22 user         0.01 sys
    Finished dev [unoptimized + debuginfo] target(s) in 0.01s
     Running `target/debug/rust_memAlloc_various 1000000 1 1 false`
size: 1000000
true
[RustVector]#"memcpy"#"Integer"#"immutable"#1000000#7053#1853643#80006509#212049690

        0.25 real         0.22 user         0.01 sys
    Finished dev [unoptimized + debuginfo] target(s) in 0.01s
     Running `target/debug/rust_memAlloc_various 1000000 1 1 false`
size: 1000000
true
[RustVector]#"memcpy"#"Integer"#"immutable"#1000000#7716#1999457#76163912#207352170

        0.24 real         0.22 user         0.01 sys
    Finished dev [unoptimized + debuginfo] target(s) in 0.01s
     Running `target/debug/rust_memAlloc_various 1000000 1 2 true`
size: 1000000
true
[RustVector]#"memcpy"#"String"#"mutable"#1000000#11241#109123633#85264033#4477498476

        4.88 real         4.77 user         0.07 sys
    Finished dev [unoptimized + debuginfo] target(s) in 0.02s
     Running `target/debug/rust_memAlloc_various 1000000 1 2 true`
size: 1000000
true
[RustVector]#"memcpy"#"String"#"mutable"#1000000#52081#138253619#124286709#5449174356

        6.03 real         5.14 user         0.14 sys
    Finished dev [unoptimized + debuginfo] target(s) in 0.01s
     Running `target/debug/rust_memAlloc_various 1000000 1 2 true`
size: 1000000
true
[RustVector]#"memcpy"#"String"#"mutable"#1000000#8483#115712446#91271779#5498900427

        5.92 real         5.17 user         0.12 sys
    Finished dev [unoptimized + debuginfo] target(s) in 0.02s
     Running `target/debug/rust_memAlloc_various 1000000 1 2 true`
size: 1000000
true
[RustVector]#"memcpy"#"String"#"mutable"#1000000#8417#128282674#92469241#5152004868

        5.56 real         5.04 user         0.12 sys
    Finished dev [unoptimized + debuginfo] target(s) in 0.01s
     Running `target/debug/rust_memAlloc_various 1000000 1 2 true`
size: 1000000
true
[RustVector]#"memcpy"#"String"#"mutable"#1000000#6499#115132023#88789469#5695109939

        6.06 real         5.07 user         0.10 sys
    Finished dev [unoptimized + debuginfo] target(s) in 0.01s
     Running `target/debug/rust_memAlloc_various 1000000 1 2 false`
size: 1000000
true
[RustVector]#"memcpy"#"String"#"immutable"#1000000#6200#117576720#88330654#4790151774

        5.24 real         4.94 user         0.10 sys
    Finished dev [unoptimized + debuginfo] target(s) in 0.02s
     Running `target/debug/rust_memAlloc_various 1000000 1 2 false`
size: 1000000
true
[RustVector]#"memcpy"#"String"#"immutable"#1000000#6800#109977302#83869190#5285869279

        5.68 real         4.98 user         0.09 sys
    Finished dev [unoptimized + debuginfo] target(s) in 0.01s
     Running `target/debug/rust_memAlloc_various 1000000 1 2 false`
size: 1000000
true
[RustVector]#"memcpy"#"String"#"immutable"#1000000#6823#109187522#84457634#4664059483

        5.05 real         4.86 user         0.08 sys
    Finished dev [unoptimized + debuginfo] target(s) in 0.01s
     Running `target/debug/rust_memAlloc_various 1000000 1 2 false`
size: 1000000
true
[RustVector]#"memcpy"#"String"#"immutable"#1000000#6567#109381988#84634889#4679160210

        5.08 real         4.85 user         0.08 sys
    Finished dev [unoptimized + debuginfo] target(s) in 0.01s
     Running `target/debug/rust_memAlloc_various 1000000 1 2 false`
size: 1000000
Command terminated abnormally.
        2.07 real         1.88 user         0.04 sys
    Finished dev [unoptimized + debuginfo] target(s) in 0.01s
     Running `target/debug/rust_memAlloc_various 1000000 2 1 true`
size: 1000000
true
[RustVector]#"onebyone"#"Integer"#"mutable"#1000000#7875#136696816#77823969#344854083

        0.37 real         0.35 user         0.01 sys
    Finished dev [unoptimized + debuginfo] target(s) in 0.01s
     Running `target/debug/rust_memAlloc_various 1000000 2 1 true`
size: 1000000
true
[RustVector]#"onebyone"#"Integer"#"mutable"#1000000#6600#134598661#78489585#340962912

        0.37 real         0.35 user         0.01 sys
    Finished dev [unoptimized + debuginfo] target(s) in 0.01s
     Running `target/debug/rust_memAlloc_various 1000000 2 1 true`
size: 1000000
true
[RustVector]#"onebyone"#"Integer"#"mutable"#1000000#7847#136908481#94927820#374648518

        0.41 real         0.36 user         0.01 sys
    Finished dev [unoptimized + debuginfo] target(s) in 0.01s
     Running `target/debug/rust_memAlloc_various 1000000 2 1 true`
size: 1000000
true
[RustVector]#"onebyone"#"Integer"#"mutable"#1000000#6283#166295241#79050595#377887511

        0.41 real         0.36 user         0.02 sys
    Finished dev [unoptimized + debuginfo] target(s) in 0.02s
     Running `target/debug/rust_memAlloc_various 1000000 2 1 true`
size: 1000000
true
[RustVector]#"onebyone"#"Integer"#"mutable"#1000000#18094#149146260#82140409#380496176

        0.42 real         0.38 user         0.02 sys
    Finished dev [unoptimized + debuginfo] target(s) in 0.03s
     Running `target/debug/rust_memAlloc_various 1000000 2 1 false`
size: 1000000
true
[RustVector]#"onebyone"#"Integer"#"immutable"#1000000#9205#273785217#108835271#600014364

        0.67 real         0.44 user         0.03 sys
    Finished dev [unoptimized + debuginfo] target(s) in 0.02s
     Running `target/debug/rust_memAlloc_various 1000000 2 1 false`
size: 1000000
true
[RustVector]#"onebyone"#"Integer"#"immutable"#1000000#9091#159365516#129532248#480368344

        0.53 real         0.40 user         0.02 sys
    Finished dev [unoptimized + debuginfo] target(s) in 0.01s
     Running `target/debug/rust_memAlloc_various 1000000 2 1 false`
size: 1000000
true
[RustVector]#"onebyone"#"Integer"#"immutable"#1000000#6563#137023233#93190022#384708097

        0.42 real         0.37 user         0.02 sys
    Finished dev [unoptimized + debuginfo] target(s) in 0.02s
     Running `target/debug/rust_memAlloc_various 1000000 2 1 false`
size: 1000000
true
[RustVector]#"onebyone"#"Integer"#"immutable"#1000000#6554#151050341#111531873#456232151

        0.52 real         0.39 user         0.02 sys
    Finished dev [unoptimized + debuginfo] target(s) in 0.01s
     Running `target/debug/rust_memAlloc_various 1000000 2 1 false`
size: 1000000
true
[RustVector]#"onebyone"#"Integer"#"immutable"#1000000#6522#133647213#77598818#342869746

        0.38 real         0.35 user         0.01 sys
    Finished dev [unoptimized + debuginfo] target(s) in 0.01s
     Running `target/debug/rust_memAlloc_various 1000000 2 2 true`
size: 1000000
Command terminated abnormally.
        3.33 real         3.17 user         0.05 sys
    Finished dev [unoptimized + debuginfo] target(s) in 0.01s
     Running `target/debug/rust_memAlloc_various 1000000 2 2 true`
size: 1000000
Command terminated abnormally.
        1.94 real         1.90 user         0.02 sys
    Finished dev [unoptimized + debuginfo] target(s) in 0.02s
     Running `target/debug/rust_memAlloc_various 1000000 2 2 true`
size: 1000000
Command terminated abnormally.
        0.42 real         0.40 user         0.01 sys
    Finished dev [unoptimized + debuginfo] target(s) in 0.01s
     Running `target/debug/rust_memAlloc_various 1000000 2 2 true`
size: 1000000
Command terminated abnormally.
        0.45 real         0.42 user         0.01 sys
    Finished dev [unoptimized + debuginfo] target(s) in 0.02s
     Running `target/debug/rust_memAlloc_various 1000000 2 2 true`
size: 1000000
Command terminated abnormally.
        1.99 real         1.93 user         0.03 sys
    Finished dev [unoptimized + debuginfo] target(s) in 0.01s
     Running `target/debug/rust_memAlloc_various 1000000 2 2 false`
size: 1000000
Command terminated abnormally.
        2.85 real         2.72 user         0.05 sys
    Finished dev [unoptimized + debuginfo] target(s) in 0.01s
     Running `target/debug/rust_memAlloc_various 1000000 2 2 false`
size: 1000000
true
[RustVector]#"onebyone"#"String"#"immutable"#1000000#7065#116127323#90124767#4573885756

        5.15 real         4.85 user         0.09 sys
    Finished dev [unoptimized + debuginfo] target(s) in 0.01s
     Running `target/debug/rust_memAlloc_various 1000000 2 2 false`
size: 1000000
true
[RustVector]#"onebyone"#"String"#"immutable"#1000000#7834#108928817#84978388#4801212930

        5.20 real         4.88 user         0.09 sys
    Finished dev [unoptimized + debuginfo] target(s) in 0.01s
     Running `target/debug/rust_memAlloc_various 1000000 2 2 false`
size: 1000000
true
[RustVector]#"onebyone"#"String"#"immutable"#1000000#6157#108108769#83331197#4807060464

        5.20 real         4.86 user         0.08 sys
    Finished dev [unoptimized + debuginfo] target(s) in 0.01s
     Running `target/debug/rust_memAlloc_various 1000000 2 2 false`
size: 1000000
Command terminated abnormally.
        1.32 real         1.29 user         0.02 sys
    Finished dev [unoptimized + debuginfo] target(s) in 0.01s
     Running `target/debug/rust_memAlloc_various 1000000 3 1 true`
size: 1000000
true
[RustVector]#"clone"#"Integer"#"mutable"#1000000#6565#2163568#77543415#206736831

        0.25 real         0.22 user         0.02 sys
    Finished dev [unoptimized + debuginfo] target(s) in 0.02s
     Running `target/debug/rust_memAlloc_various 1000000 3 1 true`
size: 1000000
true
[RustVector]#"clone"#"Integer"#"mutable"#1000000#6945#2198776#77027396#206087891

        0.25 real         0.22 user         0.02 sys
    Finished dev [unoptimized + debuginfo] target(s) in 0.01s
     Running `target/debug/rust_memAlloc_various 1000000 3 1 true`
size: 1000000
true
[RustVector]#"clone"#"Integer"#"mutable"#1000000#6577#2124857#89968489#224953037

        0.27 real         0.23 user         0.02 sys
    Finished dev [unoptimized + debuginfo] target(s) in 0.02s
     Running `target/debug/rust_memAlloc_various 1000000 3 1 true`
size: 1000000
true
[RustVector]#"clone"#"Integer"#"mutable"#1000000#7354#2230603#76299642#206526323

        0.25 real         0.22 user         0.02 sys
    Finished dev [unoptimized + debuginfo] target(s) in 0.01s
     Running `target/debug/rust_memAlloc_various 1000000 3 1 true`
size: 1000000
true
[RustVector]#"clone"#"Integer"#"mutable"#1000000#7242#2195913#76048202#206389935

        0.25 real         0.22 user         0.02 sys
    Finished dev [unoptimized + debuginfo] target(s) in 0.01s
     Running `target/debug/rust_memAlloc_various 1000000 3 1 false`
size: 1000000
true
[RustVector]#"clone"#"Integer"#"immutable"#1000000#7060#2163554#76062619#207659676

        0.25 real         0.22 user         0.01 sys
    Finished dev [unoptimized + debuginfo] target(s) in 0.01s
     Running `target/debug/rust_memAlloc_various 1000000 3 1 false`
size: 1000000
true
[RustVector]#"clone"#"Integer"#"immutable"#1000000#7597#2197587#76069457#208544708

        0.25 real         0.22 user         0.02 sys
    Finished dev [unoptimized + debuginfo] target(s) in 0.01s
     Running `target/debug/rust_memAlloc_various 1000000 3 1 false`
size: 1000000
true
[RustVector]#"clone"#"Integer"#"immutable"#1000000#6421#2254663#76071198#207912870

        0.25 real         0.22 user         0.02 sys
    Finished dev [unoptimized + debuginfo] target(s) in 0.01s
     Running `target/debug/rust_memAlloc_various 1000000 3 1 false`
size: 1000000
true
[RustVector]#"clone"#"Integer"#"immutable"#1000000#6502#2135142#76014584#208122484

        0.25 real         0.22 user         0.02 sys
    Finished dev [unoptimized + debuginfo] target(s) in 0.01s
     Running `target/debug/rust_memAlloc_various 1000000 3 1 false`
size: 1000000
true
[RustVector]#"clone"#"Integer"#"immutable"#1000000#6457#2179638#76087511#207184585

        0.25 real         0.22 user         0.01 sys
    Finished dev [unoptimized + debuginfo] target(s) in 0.01s
     Running `target/debug/rust_memAlloc_various 1000000 3 2 true`
size: 1000000
true
[RustVector]#"clone"#"String"#"mutable"#1000000#6237#158265777#207357515#5818641792

        6.19 real         5.13 user         0.12 sys
    Finished dev [unoptimized + debuginfo] target(s) in 0.01s
     Running `target/debug/rust_memAlloc_various 1000000 3 2 true`
size: 1000000
true
[RustVector]#"clone"#"String"#"mutable"#1000000#5535#130489862#86272627#5220956468

        5.65 real         5.10 user         0.14 sys
    Finished dev [unoptimized + debuginfo] target(s) in 0.01s
     Running `target/debug/rust_memAlloc_various 1000000 3 2 true`
size: 1000000
true
[RustVector]#"clone"#"String"#"mutable"#1000000#6144#111595972#87785966#4582433752

        4.96 real         4.82 user         0.08 sys
    Finished dev [unoptimized + debuginfo] target(s) in 0.01s
     Running `target/debug/rust_memAlloc_various 1000000 3 2 true`
size: 1000000
true
[RustVector]#"clone"#"String"#"mutable"#1000000#7567#125142614#88769603#4586123715

        4.95 real         4.82 user         0.09 sys
    Finished dev [unoptimized + debuginfo] target(s) in 0.01s
     Running `target/debug/rust_memAlloc_various 1000000 3 2 true`
size: 1000000
true
[RustVector]#"clone"#"String"#"mutable"#1000000#6883#113449789#88057687#6533498086

        6.92 real         5.23 user         0.12 sys
    Finished dev [unoptimized + debuginfo] target(s) in 0.01s
     Running `target/debug/rust_memAlloc_various 1000000 3 2 false`
size: 1000000
true
[RustVector]#"clone"#"String"#"immutable"#1000000#6020#109616880#85667775#4614323603

        5.11 real         4.87 user         0.08 sys
    Finished dev [unoptimized + debuginfo] target(s) in 0.01s
     Running `target/debug/rust_memAlloc_various 1000000 3 2 false`
size: 1000000
true
[RustVector]#"clone"#"String"#"immutable"#1000000#6668#121723959#98049106#4986372680

        5.40 real         4.91 user         0.08 sys
    Finished dev [unoptimized + debuginfo] target(s) in 0.01s
     Running `target/debug/rust_memAlloc_various 1000000 3 2 false`
size: 1000000
true
[RustVector]#"clone"#"String"#"immutable"#1000000#6573#108891435#83619060#4596656507

        4.98 real         4.81 user         0.07 sys
    Finished dev [unoptimized + debuginfo] target(s) in 0.01s
     Running `target/debug/rust_memAlloc_various 1000000 3 2 false`
size: 1000000
true
[RustVector]#"clone"#"String"#"immutable"#1000000#6272#109491793#85143539#4505295075

        4.89 real         4.78 user         0.07 sys
    Finished dev [unoptimized + debuginfo] target(s) in 0.01s
     Running `target/debug/rust_memAlloc_various 1000000 3 2 false`
size: 1000000
true
[RustVector]#"clone"#"String"#"immutable"#1000000#5859#113106526#94847070#4509787304

        4.90 real         4.79 user         0.07 sys
    Finished dev [unoptimized + debuginfo] target(s) in 0.01s
     Running `target/debug/rust_memAlloc_various 1000000 4 1 true`
size: 1000000
true
[RustVector]#"clone_from"#"Integer"#"mutable"#1000000#14737#2271655#76772231#209854004

        0.25 real         0.22 user         0.02 sys
    Finished dev [unoptimized + debuginfo] target(s) in 0.02s
     Running `target/debug/rust_memAlloc_various 1000000 4 1 true`
size: 1000000
true
[RustVector]#"clone_from"#"Integer"#"mutable"#1000000#7368#2125053#76484091#208518343

        0.25 real         0.22 user         0.02 sys
    Finished dev [unoptimized + debuginfo] target(s) in 0.01s
     Running `target/debug/rust_memAlloc_various 1000000 4 1 true`
size: 1000000
true
[RustVector]#"clone_from"#"Integer"#"mutable"#1000000#6783#2225304#77080443#207305289

        0.24 real         0.22 user         0.01 sys
    Finished dev [unoptimized + debuginfo] target(s) in 0.01s
     Running `target/debug/rust_memAlloc_various 1000000 4 1 true`
size: 1000000
true
[RustVector]#"clone_from"#"Integer"#"mutable"#1000000#6985#2206548#76550386#208381065

        0.25 real         0.22 user         0.01 sys
    Finished dev [unoptimized + debuginfo] target(s) in 0.01s
     Running `target/debug/rust_memAlloc_various 1000000 4 1 true`
size: 1000000
true
[RustVector]#"clone_from"#"Integer"#"mutable"#1000000#8251#2079184#76882206#207007420

        0.24 real         0.22 user         0.01 sys
    Finished dev [unoptimized + debuginfo] target(s) in 0.02s
     Running `target/debug/rust_memAlloc_various 1000000 4 1 false`
size: 1000000
true
[RustVector]#"clone_from"#"Integer"#"immutable"#1000000#7590#2044978#78186275#212176603

        0.28 real         0.22 user         0.02 sys
    Finished dev [unoptimized + debuginfo] target(s) in 0.01s
     Running `target/debug/rust_memAlloc_various 1000000 4 1 false`
size: 1000000
true
[RustVector]#"clone_from"#"Integer"#"immutable"#1000000#11762#2346057#76977026#209328149

        0.25 real         0.22 user         0.01 sys
    Finished dev [unoptimized + debuginfo] target(s) in 0.01s
     Running `target/debug/rust_memAlloc_various 1000000 4 1 false`
size: 1000000
true
[RustVector]#"clone_from"#"Integer"#"immutable"#1000000#6685#2122252#79923588#212842365

        0.25 real         0.22 user         0.02 sys
    Finished dev [unoptimized + debuginfo] target(s) in 0.01s
     Running `target/debug/rust_memAlloc_various 1000000 4 1 false`
size: 1000000
true
[RustVector]#"clone_from"#"Integer"#"immutable"#1000000#6726#2236793#76916734#208499118

        0.25 real         0.22 user         0.02 sys
    Finished dev [unoptimized + debuginfo] target(s) in 0.01s
     Running `target/debug/rust_memAlloc_various 1000000 4 1 false`
size: 1000000
true
[RustVector]#"clone_from"#"Integer"#"immutable"#1000000#7654#2115510#77321842#210762076

        0.25 real         0.22 user         0.01 sys
    Finished dev [unoptimized + debuginfo] target(s) in 0.01s
     Running `target/debug/rust_memAlloc_various 1000000 4 2 true`
size: 1000000
true
[RustVector]#"clone_from"#"String"#"mutable"#1000000#10352#109392448#83824161#4593356960

        4.98 real         4.81 user         0.08 sys
    Finished dev [unoptimized + debuginfo] target(s) in 0.01s
     Running `target/debug/rust_memAlloc_various 1000000 4 2 true`
size: 1000000
