datastructure#init#size#field#createtime#accesstime#totaltime
[RustVector]#true#37500#"own"#6#1627#1672
[RustVector]#true#37500#"own"#6#1610#1655
[RustVector]#true#37500#"own"#6#1618#1663
[RustVector]#true#37500#"own"#6#1655#1701
[RustVector]#true#37500#"own"#6#1599#1643
[RustVector]#true#37500#"reference"#1#1746#1783
[RustVector]#true#37500#"reference"#1#1672#1710
[RustVector]#true#37500#"reference"#1#1568#1606
[RustVector]#true#37500#"reference"#1#1662#1699
[RustVector]#true#37500#"reference"#1#1651#1689
[RustVector]#true#37500#"slice"#3#1681#1720
[RustVector]#true#37500#"slice"#3#1615#1655
[RustVector]#true#37500#"slice"#3#1665#1705
[RustVector]#true#37500#"slice"#3#1603#1644
[RustVector]#true#37500#"slice"#4#2359#2405
[RustVector]#false#37500#"own"#9#1805#1857
[RustVector]#false#37500#"own"#7#1601#1648
[RustVector]#false#37500#"own"#8#1661#1709
[RustVector]#false#37500#"own"#7#2075#2123
[RustVector]#false#37500#"own"#8#2001#2050
[RustVector]#false#37500#"reference"#2#1954#1997
[RustVector]#false#37500#"reference"#2#1669#1707
[RustVector]#false#37500#"reference"#2#1633#1671
[RustVector]#false#37500#"reference"#2#1795#1833
[RustVector]#false#37500#"reference"#2#1670#1708
[RustVector]#false#37500#"slice"#3#1627#1666
[RustVector]#false#37500#"slice"#3#2122#2161
[RustVector]#false#37500#"slice"#3#1769#1809
