datastructure#element#size#inittime#addtime#totaltime
[RustVector]#Integer#10000#4428#41565#942052
[RustVector]#String#10000#5884#149191#73051308
[RustVector]#CharArr#10000#72815#47705#1264381
[RustVector]#Object#10000#2237#82769#201231
[RustVector]#Integer#10000#6854#38581#941141
[RustVector]#String#10000#6254#164097#73905968
[RustVector]#CharArr#10000#73886#52689#1271105
[RustVector]#Object#10000#2597#85372#218571
[RustVector]#Integer#10000#4380#41870#946876
[RustVector]#String#10000#9167#161088#73506542
[RustVector]#CharArr#10000#73104#50089#1290668
[RustVector]#Object#10000#2035#80585#159985
[RustVector]#Integer#10000#4222#39644#941027
[RustVector]#String#10000#6454#150724#73638072
[RustVector]#CharArr#10000#71658#51695#1267530
[RustVector]#Object#10000#1796#221569#345696
[RustVector]#Integer#10000#3925#42091#955311
[RustVector]#String#10000#5840#148638#73479262
[RustVector]#CharArr#10000#73034#49424#1283511
[RustVector]#Object#10000#1605#106412#221092
